2025-04-08 10:16:57,628:WARNING:
'cuml' is a soft dependency and not included in the pycaret installation. Please run: `pip install cuml` to install.
2025-04-08 10:16:57,628:WARNING:
'cuml' is a soft dependency and not included in the pycaret installation. Please run: `pip install cuml` to install.
2025-04-08 10:16:57,628:WARNING:
'cuml' is a soft dependency and not included in the pycaret installation. Please run: `pip install cuml` to install.
2025-04-08 10:16:57,628:WARNING:
'cuml' is a soft dependency and not included in the pycaret installation. Please run: `pip install cuml` to install.
2025-04-08 10:17:00,310:WARNING:/Users/jason/Files/Practice/cvs-repo-dagster/src/clustering/dagster/assets/preprocessing/internal.py:20: BetaWarning: Function `pandera_schema_to_dagster_type` is currently in beta, and may have breaking changes in minor version releases, with behavior changes in patch releases.
  dagster_type=pandera_schema_to_dagster_type(SalesSchema),

2025-04-08 10:17:00,311:WARNING:/Users/jason/Files/Practice/cvs-repo-dagster/src/clustering/dagster/assets/preprocessing/internal.py:42: BetaWarning: Function `pandera_schema_to_dagster_type` is currently in beta, and may have breaking changes in minor version releases, with behavior changes in patch releases.
  dagster_type=pandera_schema_to_dagster_type(NSMappingSchema),

2025-04-08 10:17:00,312:WARNING:/Users/jason/Files/Practice/cvs-repo-dagster/src/clustering/dagster/assets/preprocessing/internal.py:68: BetaWarning: Function `pandera_schema_to_dagster_type` is currently in beta, and may have breaking changes in minor version releases, with behavior changes in patch releases.
  dagster_type=pandera_schema_to_dagster_type(MergedDataSchema),

2025-04-08 10:17:00,314:WARNING:/Users/jason/Files/Practice/cvs-repo-dagster/src/clustering/dagster/assets/preprocessing/internal.py:106: BetaWarning: Function `pandera_schema_to_dagster_type` is currently in beta, and may have breaking changes in minor version releases, with behavior changes in patch releases.
  dagster_type=pandera_schema_to_dagster_type(DistributedDataSchema),

2025-04-08 10:17:01,839:WARNING:/Users/jason/Files/Practice/cvs-repo-dagster/.venv/lib/python3.10/site-packages/pydantic/_internal/_fields.py:198: UserWarning: Field name "schema" in "SnowflakeWriter" shadows an attribute in parent "Writer"
  warnings.warn(

2025-04-08 10:17:15,115:WARNING:
'cuml' is a soft dependency and not included in the pycaret installation. Please run: `pip install cuml` to install.
2025-04-08 10:17:15,115:WARNING:
'cuml' is a soft dependency and not included in the pycaret installation. Please run: `pip install cuml` to install.
2025-04-08 10:17:15,115:WARNING:
'cuml' is a soft dependency and not included in the pycaret installation. Please run: `pip install cuml` to install.
2025-04-08 10:17:15,115:WARNING:
'cuml' is a soft dependency and not included in the pycaret installation. Please run: `pip install cuml` to install.
2025-04-08 10:17:16,124:WARNING:/Users/jason/Files/Practice/cvs-repo-dagster/src/clustering/dagster/assets/preprocessing/internal.py:20: BetaWarning: Function `pandera_schema_to_dagster_type` is currently in beta, and may have breaking changes in minor version releases, with behavior changes in patch releases.
  dagster_type=pandera_schema_to_dagster_type(SalesSchema),

2025-04-08 10:17:16,126:WARNING:/Users/jason/Files/Practice/cvs-repo-dagster/src/clustering/dagster/assets/preprocessing/internal.py:42: BetaWarning: Function `pandera_schema_to_dagster_type` is currently in beta, and may have breaking changes in minor version releases, with behavior changes in patch releases.
  dagster_type=pandera_schema_to_dagster_type(NSMappingSchema),

2025-04-08 10:17:16,127:WARNING:/Users/jason/Files/Practice/cvs-repo-dagster/src/clustering/dagster/assets/preprocessing/internal.py:68: BetaWarning: Function `pandera_schema_to_dagster_type` is currently in beta, and may have breaking changes in minor version releases, with behavior changes in patch releases.
  dagster_type=pandera_schema_to_dagster_type(MergedDataSchema),

2025-04-08 10:17:16,128:WARNING:/Users/jason/Files/Practice/cvs-repo-dagster/src/clustering/dagster/assets/preprocessing/internal.py:106: BetaWarning: Function `pandera_schema_to_dagster_type` is currently in beta, and may have breaking changes in minor version releases, with behavior changes in patch releases.
  dagster_type=pandera_schema_to_dagster_type(DistributedDataSchema),

2025-04-08 10:17:16,319:WARNING:/Users/jason/Files/Practice/cvs-repo-dagster/.venv/lib/python3.10/site-packages/pydantic/_internal/_fields.py:198: UserWarning: Field name "schema" in "SnowflakeWriter" shadows an attribute in parent "Writer"
  warnings.warn(

2025-04-08 10:17:18,041:WARNING:
'cuml' is a soft dependency and not included in the pycaret installation. Please run: `pip install cuml` to install.
2025-04-08 10:17:18,041:WARNING:
'cuml' is a soft dependency and not included in the pycaret installation. Please run: `pip install cuml` to install.
2025-04-08 10:17:18,041:WARNING:
'cuml' is a soft dependency and not included in the pycaret installation. Please run: `pip install cuml` to install.
2025-04-08 10:17:18,041:WARNING:
'cuml' is a soft dependency and not included in the pycaret installation. Please run: `pip install cuml` to install.
2025-04-08 10:17:18,964:WARNING:/Users/jason/Files/Practice/cvs-repo-dagster/src/clustering/dagster/assets/preprocessing/internal.py:20: BetaWarning: Function `pandera_schema_to_dagster_type` is currently in beta, and may have breaking changes in minor version releases, with behavior changes in patch releases.
  dagster_type=pandera_schema_to_dagster_type(SalesSchema),

2025-04-08 10:17:18,966:WARNING:/Users/jason/Files/Practice/cvs-repo-dagster/src/clustering/dagster/assets/preprocessing/internal.py:42: BetaWarning: Function `pandera_schema_to_dagster_type` is currently in beta, and may have breaking changes in minor version releases, with behavior changes in patch releases.
  dagster_type=pandera_schema_to_dagster_type(NSMappingSchema),

2025-04-08 10:17:18,967:WARNING:/Users/jason/Files/Practice/cvs-repo-dagster/src/clustering/dagster/assets/preprocessing/internal.py:68: BetaWarning: Function `pandera_schema_to_dagster_type` is currently in beta, and may have breaking changes in minor version releases, with behavior changes in patch releases.
  dagster_type=pandera_schema_to_dagster_type(MergedDataSchema),

2025-04-08 10:17:18,968:WARNING:/Users/jason/Files/Practice/cvs-repo-dagster/src/clustering/dagster/assets/preprocessing/internal.py:106: BetaWarning: Function `pandera_schema_to_dagster_type` is currently in beta, and may have breaking changes in minor version releases, with behavior changes in patch releases.
  dagster_type=pandera_schema_to_dagster_type(DistributedDataSchema),

2025-04-08 10:17:19,134:WARNING:/Users/jason/Files/Practice/cvs-repo-dagster/.venv/lib/python3.10/site-packages/pydantic/_internal/_fields.py:198: UserWarning: Field name "schema" in "SnowflakeWriter" shadows an attribute in parent "Writer"
  warnings.warn(

2025-04-08 10:17:21,518:WARNING:
'cuml' is a soft dependency and not included in the pycaret installation. Please run: `pip install cuml` to install.
2025-04-08 10:17:21,518:WARNING:
'cuml' is a soft dependency and not included in the pycaret installation. Please run: `pip install cuml` to install.
2025-04-08 10:17:21,518:WARNING:
'cuml' is a soft dependency and not included in the pycaret installation. Please run: `pip install cuml` to install.
2025-04-08 10:17:21,518:WARNING:
'cuml' is a soft dependency and not included in the pycaret installation. Please run: `pip install cuml` to install.
2025-04-08 10:17:22,414:WARNING:/Users/jason/Files/Practice/cvs-repo-dagster/src/clustering/dagster/assets/preprocessing/internal.py:20: BetaWarning: Function `pandera_schema_to_dagster_type` is currently in beta, and may have breaking changes in minor version releases, with behavior changes in patch releases.
  dagster_type=pandera_schema_to_dagster_type(SalesSchema),

2025-04-08 10:17:22,416:WARNING:/Users/jason/Files/Practice/cvs-repo-dagster/src/clustering/dagster/assets/preprocessing/internal.py:42: BetaWarning: Function `pandera_schema_to_dagster_type` is currently in beta, and may have breaking changes in minor version releases, with behavior changes in patch releases.
  dagster_type=pandera_schema_to_dagster_type(NSMappingSchema),

2025-04-08 10:17:22,417:WARNING:/Users/jason/Files/Practice/cvs-repo-dagster/src/clustering/dagster/assets/preprocessing/internal.py:68: BetaWarning: Function `pandera_schema_to_dagster_type` is currently in beta, and may have breaking changes in minor version releases, with behavior changes in patch releases.
  dagster_type=pandera_schema_to_dagster_type(MergedDataSchema),

2025-04-08 10:17:22,418:WARNING:/Users/jason/Files/Practice/cvs-repo-dagster/src/clustering/dagster/assets/preprocessing/internal.py:106: BetaWarning: Function `pandera_schema_to_dagster_type` is currently in beta, and may have breaking changes in minor version releases, with behavior changes in patch releases.
  dagster_type=pandera_schema_to_dagster_type(DistributedDataSchema),

2025-04-08 10:17:22,579:WARNING:/Users/jason/Files/Practice/cvs-repo-dagster/.venv/lib/python3.10/site-packages/pydantic/_internal/_fields.py:198: UserWarning: Field name "schema" in "SnowflakeWriter" shadows an attribute in parent "Writer"
  warnings.warn(

2025-04-08 10:40:54,417:WARNING:
'cuml' is a soft dependency and not included in the pycaret installation. Please run: `pip install cuml` to install.
2025-04-08 10:40:54,417:WARNING:
'cuml' is a soft dependency and not included in the pycaret installation. Please run: `pip install cuml` to install.
2025-04-08 10:40:54,417:WARNING:
'cuml' is a soft dependency and not included in the pycaret installation. Please run: `pip install cuml` to install.
2025-04-08 10:40:54,417:WARNING:
'cuml' is a soft dependency and not included in the pycaret installation. Please run: `pip install cuml` to install.
2025-04-08 10:40:55,558:WARNING:/Users/jason/Files/Practice/cvs-repo-dagster/src/clustering/dagster/assets/preprocessing/internal.py:20: BetaWarning: Function `pandera_schema_to_dagster_type` is currently in beta, and may have breaking changes in minor version releases, with behavior changes in patch releases.
  dagster_type=pandera_schema_to_dagster_type(SalesSchema),

2025-04-08 10:40:55,559:WARNING:/Users/jason/Files/Practice/cvs-repo-dagster/src/clustering/dagster/assets/preprocessing/internal.py:42: BetaWarning: Function `pandera_schema_to_dagster_type` is currently in beta, and may have breaking changes in minor version releases, with behavior changes in patch releases.
  dagster_type=pandera_schema_to_dagster_type(NSMappingSchema),

2025-04-08 10:40:55,560:WARNING:/Users/jason/Files/Practice/cvs-repo-dagster/src/clustering/dagster/assets/preprocessing/internal.py:68: BetaWarning: Function `pandera_schema_to_dagster_type` is currently in beta, and may have breaking changes in minor version releases, with behavior changes in patch releases.
  dagster_type=pandera_schema_to_dagster_type(MergedDataSchema),

2025-04-08 10:40:55,562:WARNING:/Users/jason/Files/Practice/cvs-repo-dagster/src/clustering/dagster/assets/preprocessing/internal.py:106: BetaWarning: Function `pandera_schema_to_dagster_type` is currently in beta, and may have breaking changes in minor version releases, with behavior changes in patch releases.
  dagster_type=pandera_schema_to_dagster_type(DistributedDataSchema),

2025-04-08 10:40:55,799:WARNING:/Users/jason/Files/Practice/cvs-repo-dagster/.venv/lib/python3.10/site-packages/pydantic/_internal/_fields.py:198: UserWarning: Field name "schema" in "SnowflakeWriter" shadows an attribute in parent "Writer"
  warnings.warn(

2025-04-08 10:40:57,581:WARNING:
'cuml' is a soft dependency and not included in the pycaret installation. Please run: `pip install cuml` to install.
2025-04-08 10:40:57,581:WARNING:
'cuml' is a soft dependency and not included in the pycaret installation. Please run: `pip install cuml` to install.
2025-04-08 10:40:57,581:WARNING:
'cuml' is a soft dependency and not included in the pycaret installation. Please run: `pip install cuml` to install.
2025-04-08 10:40:57,581:WARNING:
'cuml' is a soft dependency and not included in the pycaret installation. Please run: `pip install cuml` to install.
2025-04-08 10:40:58,491:WARNING:/Users/jason/Files/Practice/cvs-repo-dagster/src/clustering/dagster/assets/preprocessing/internal.py:20: BetaWarning: Function `pandera_schema_to_dagster_type` is currently in beta, and may have breaking changes in minor version releases, with behavior changes in patch releases.
  dagster_type=pandera_schema_to_dagster_type(SalesSchema),

2025-04-08 10:40:58,492:WARNING:/Users/jason/Files/Practice/cvs-repo-dagster/src/clustering/dagster/assets/preprocessing/internal.py:42: BetaWarning: Function `pandera_schema_to_dagster_type` is currently in beta, and may have breaking changes in minor version releases, with behavior changes in patch releases.
  dagster_type=pandera_schema_to_dagster_type(NSMappingSchema),

2025-04-08 10:40:58,493:WARNING:/Users/jason/Files/Practice/cvs-repo-dagster/src/clustering/dagster/assets/preprocessing/internal.py:68: BetaWarning: Function `pandera_schema_to_dagster_type` is currently in beta, and may have breaking changes in minor version releases, with behavior changes in patch releases.
  dagster_type=pandera_schema_to_dagster_type(MergedDataSchema),

2025-04-08 10:40:58,494:WARNING:/Users/jason/Files/Practice/cvs-repo-dagster/src/clustering/dagster/assets/preprocessing/internal.py:106: BetaWarning: Function `pandera_schema_to_dagster_type` is currently in beta, and may have breaking changes in minor version releases, with behavior changes in patch releases.
  dagster_type=pandera_schema_to_dagster_type(DistributedDataSchema),

2025-04-08 10:40:58,660:WARNING:/Users/jason/Files/Practice/cvs-repo-dagster/.venv/lib/python3.10/site-packages/pydantic/_internal/_fields.py:198: UserWarning: Field name "schema" in "SnowflakeWriter" shadows an attribute in parent "Writer"
  warnings.warn(

2025-04-08 10:42:32,455:WARNING:
'cuml' is a soft dependency and not included in the pycaret installation. Please run: `pip install cuml` to install.
2025-04-08 10:42:32,455:WARNING:
'cuml' is a soft dependency and not included in the pycaret installation. Please run: `pip install cuml` to install.
2025-04-08 10:42:32,455:WARNING:
'cuml' is a soft dependency and not included in the pycaret installation. Please run: `pip install cuml` to install.
2025-04-08 10:42:32,455:WARNING:
'cuml' is a soft dependency and not included in the pycaret installation. Please run: `pip install cuml` to install.
2025-04-08 10:42:33,561:WARNING:/Users/jason/Files/Practice/cvs-repo-dagster/src/clustering/dagster/assets/preprocessing/internal.py:20: BetaWarning: Function `pandera_schema_to_dagster_type` is currently in beta, and may have breaking changes in minor version releases, with behavior changes in patch releases.
  dagster_type=pandera_schema_to_dagster_type(SalesSchema),

2025-04-08 10:42:33,563:WARNING:/Users/jason/Files/Practice/cvs-repo-dagster/src/clustering/dagster/assets/preprocessing/internal.py:42: BetaWarning: Function `pandera_schema_to_dagster_type` is currently in beta, and may have breaking changes in minor version releases, with behavior changes in patch releases.
  dagster_type=pandera_schema_to_dagster_type(NSMappingSchema),

2025-04-08 10:42:33,564:WARNING:/Users/jason/Files/Practice/cvs-repo-dagster/src/clustering/dagster/assets/preprocessing/internal.py:68: BetaWarning: Function `pandera_schema_to_dagster_type` is currently in beta, and may have breaking changes in minor version releases, with behavior changes in patch releases.
  dagster_type=pandera_schema_to_dagster_type(MergedDataSchema),

2025-04-08 10:42:33,566:WARNING:/Users/jason/Files/Practice/cvs-repo-dagster/src/clustering/dagster/assets/preprocessing/internal.py:106: BetaWarning: Function `pandera_schema_to_dagster_type` is currently in beta, and may have breaking changes in minor version releases, with behavior changes in patch releases.
  dagster_type=pandera_schema_to_dagster_type(DistributedDataSchema),

2025-04-08 10:42:33,810:WARNING:/Users/jason/Files/Practice/cvs-repo-dagster/.venv/lib/python3.10/site-packages/pydantic/_internal/_fields.py:198: UserWarning: Field name "schema" in "SnowflakeWriter" shadows an attribute in parent "Writer"
  warnings.warn(

2025-04-08 10:42:40,221:WARNING:
'cuml' is a soft dependency and not included in the pycaret installation. Please run: `pip install cuml` to install.
2025-04-08 10:42:40,221:WARNING:
'cuml' is a soft dependency and not included in the pycaret installation. Please run: `pip install cuml` to install.
2025-04-08 10:42:40,221:WARNING:
'cuml' is a soft dependency and not included in the pycaret installation. Please run: `pip install cuml` to install.
2025-04-08 10:42:40,221:WARNING:
'cuml' is a soft dependency and not included in the pycaret installation. Please run: `pip install cuml` to install.
2025-04-08 10:42:41,176:WARNING:/Users/jason/Files/Practice/cvs-repo-dagster/src/clustering/dagster/assets/preprocessing/internal.py:20: BetaWarning: Function `pandera_schema_to_dagster_type` is currently in beta, and may have breaking changes in minor version releases, with behavior changes in patch releases.
  dagster_type=pandera_schema_to_dagster_type(SalesSchema),

2025-04-08 10:42:41,177:WARNING:/Users/jason/Files/Practice/cvs-repo-dagster/src/clustering/dagster/assets/preprocessing/internal.py:42: BetaWarning: Function `pandera_schema_to_dagster_type` is currently in beta, and may have breaking changes in minor version releases, with behavior changes in patch releases.
  dagster_type=pandera_schema_to_dagster_type(NSMappingSchema),

2025-04-08 10:42:41,178:WARNING:/Users/jason/Files/Practice/cvs-repo-dagster/src/clustering/dagster/assets/preprocessing/internal.py:68: BetaWarning: Function `pandera_schema_to_dagster_type` is currently in beta, and may have breaking changes in minor version releases, with behavior changes in patch releases.
  dagster_type=pandera_schema_to_dagster_type(MergedDataSchema),

2025-04-08 10:42:41,179:WARNING:/Users/jason/Files/Practice/cvs-repo-dagster/src/clustering/dagster/assets/preprocessing/internal.py:106: BetaWarning: Function `pandera_schema_to_dagster_type` is currently in beta, and may have breaking changes in minor version releases, with behavior changes in patch releases.
  dagster_type=pandera_schema_to_dagster_type(DistributedDataSchema),

2025-04-08 10:42:41,358:WARNING:/Users/jason/Files/Practice/cvs-repo-dagster/.venv/lib/python3.10/site-packages/pydantic/_internal/_fields.py:198: UserWarning: Field name "schema" in "SnowflakeWriter" shadows an attribute in parent "Writer"
  warnings.warn(

2025-04-08 10:42:43,478:WARNING:
'cuml' is a soft dependency and not included in the pycaret installation. Please run: `pip install cuml` to install.
2025-04-08 10:42:43,478:WARNING:
'cuml' is a soft dependency and not included in the pycaret installation. Please run: `pip install cuml` to install.
2025-04-08 10:42:43,478:WARNING:
'cuml' is a soft dependency and not included in the pycaret installation. Please run: `pip install cuml` to install.
2025-04-08 10:42:43,478:WARNING:
'cuml' is a soft dependency and not included in the pycaret installation. Please run: `pip install cuml` to install.
2025-04-08 10:42:44,429:WARNING:/Users/jason/Files/Practice/cvs-repo-dagster/src/clustering/dagster/assets/preprocessing/internal.py:20: BetaWarning: Function `pandera_schema_to_dagster_type` is currently in beta, and may have breaking changes in minor version releases, with behavior changes in patch releases.
  dagster_type=pandera_schema_to_dagster_type(SalesSchema),

2025-04-08 10:42:44,430:WARNING:/Users/jason/Files/Practice/cvs-repo-dagster/src/clustering/dagster/assets/preprocessing/internal.py:42: BetaWarning: Function `pandera_schema_to_dagster_type` is currently in beta, and may have breaking changes in minor version releases, with behavior changes in patch releases.
  dagster_type=pandera_schema_to_dagster_type(NSMappingSchema),

2025-04-08 10:42:44,431:WARNING:/Users/jason/Files/Practice/cvs-repo-dagster/src/clustering/dagster/assets/preprocessing/internal.py:68: BetaWarning: Function `pandera_schema_to_dagster_type` is currently in beta, and may have breaking changes in minor version releases, with behavior changes in patch releases.
  dagster_type=pandera_schema_to_dagster_type(MergedDataSchema),

2025-04-08 10:42:44,432:WARNING:/Users/jason/Files/Practice/cvs-repo-dagster/src/clustering/dagster/assets/preprocessing/internal.py:106: BetaWarning: Function `pandera_schema_to_dagster_type` is currently in beta, and may have breaking changes in minor version releases, with behavior changes in patch releases.
  dagster_type=pandera_schema_to_dagster_type(DistributedDataSchema),

2025-04-08 10:42:44,609:WARNING:/Users/jason/Files/Practice/cvs-repo-dagster/.venv/lib/python3.10/site-packages/pydantic/_internal/_fields.py:198: UserWarning: Field name "schema" in "SnowflakeWriter" shadows an attribute in parent "Writer"
  warnings.warn(

