[32m2025-04-14 05:32:26 +0000[0m - dagster - [34mDEBUG[0m - internal_preprocessing_job - 8cdc8909-9300-4712-82d4-a4d2b653d5db - 74054 - LOGS_CAPTURED - Started capturing logs in process (pid: 74054).
[32m2025-04-14 05:32:26 +0000[0m - dagster - [34mDEBUG[0m - internal_preprocessing_job - 8cdc8909-9300-4712-82d4-a4d2b653d5db - 74054 - internal_raw_sales_data - STEP_START - Started execution of step "internal_raw_sales_data".
Exception while writing logger call to event log: (sqlite3.OperationalError) locking protocol
(Background on this error at: https://sqlalche.me/e/14/e3q8)
[32m2025-04-14 05:32:37 +0000[0m - dagster - [34mINFO[0m - internal_preprocessing_job - 8cdc8909-9300-4712-82d4-a4d2b653d5db - internal_raw_sales_data - Reading need state sales data
[32m2025-04-14 05:32:37 +0000[0m - dagster - [34mINFO[0m - internal_preprocessing_job - 8cdc8909-9300-4712-82d4-a4d2b653d5db - internal_raw_sales_data - Successfully read sales data with shape: (8, 4)
[32m2025-04-14 05:32:37 +0000[0m - dagster - [34mINFO[0m - internal_preprocessing_job - 8cdc8909-9300-4712-82d4-a4d2b653d5db - internal_raw_sales_data - Columns: ['SKU_NBR', 'STORE_NBR', 'CAT_DSC', 'TOTAL_SALES']
[32m2025-04-14 05:32:37 +0000[0m - dagster - [34mINFO[0m - internal_preprocessing_job - 8cdc8909-9300-4712-82d4-a4d2b653d5db - internal_raw_sales_data - Sample data: shape: (2, 4)
â”Œâ”€â”€â”€â”€â”€â”€â”€â”€â”€â”¬â”€â”€â”€â”€â”€â”€â”€â”€â”€â”€â”€â”¬â”€â”€â”€â”€â”€â”€â”€â”€â”€â”¬â”€â”€â”€â”€â”€â”€â”€â”€â”€â”€â”€â”€â”€â”
â”‚ SKU_NBR â”† STORE_NBR â”† CAT_DSC â”† TOTAL_SALES â”‚
â”‚ ---     â”† ---       â”† ---     â”† ---         â”‚
â”‚ i64     â”† i64       â”† str     â”† str         â”‚
â•â•â•â•â•â•â•â•â•â•â•ªâ•â•â•â•â•â•â•â•â•â•â•â•ªâ•â•â•â•â•â•â•â•â•â•ªâ•â•â•â•â•â•â•â•â•â•â•â•â•â•¡
â”‚ 1001    â”† 101       â”† Grocery â”† 1250.75     â”‚
â”‚ 1002    â”† 101       â”† Grocery â”† 875.50      â”‚
â””â”€â”€â”€â”€â”€â”€â”€â”€â”€â”´â”€â”€â”€â”€â”€â”€â”€â”€â”€â”€â”€â”´â”€â”€â”€â”€â”€â”€â”€â”€â”€â”´â”€â”€â”€â”€â”€â”€â”€â”€â”€â”€â”€â”€â”€â”˜
[32m2025-04-14 05:32:37 +0000[0m - dagster - [34mDEBUG[0m - internal_preprocessing_job - 8cdc8909-9300-4712-82d4-a4d2b653d5db - 74054 - internal_raw_sales_data - STEP_OUTPUT - Yielded output "result" of type "SalesSchema". Warning! Type check failed.
[32m2025-04-14 05:32:37 +0000[0m - dagster - [34mERROR[0m - [31minternal_preprocessing_job - 8cdc8909-9300-4712-82d4-a4d2b653d5db - 74054 - internal_raw_sales_data - STEP_FAILURE - Execution of step "internal_raw_sales_data" failed.

dagster._core.errors.DagsterTypeCheckDidNotPass: Type check failed for step output "result" - expected type "SalesSchema". Description: {
    "DATA": {
        "DATATYPE_COERCION": [
            {
                "schema": "SalesSchema",
                "column": "SalesSchema",
                "check": "coerce_dtype('{'SKU_NBR': DataType(Int64), 'STORE_NBR': DataType(Int64), 'CAT_DSC': DataType(String), 'TOTAL_SALES': DataType(Float64)}')",
                "error": "Could not coerce 'TOTAL_SALES' in LazyFrame with schema Schema([('SKU_NBR', Int64), ('STORE_NBR', Int64), ('CAT_DSC', String), ('TOTAL_SALES', String)]) into type Float64"
            }
        ],
        "CHECK_ERROR": [
            {
                "schema": "SalesSchema",
                "column": "TOTAL_SALES",
                "check": "greater_than_or_equal_to(0)",
                "error": "ComputeError(\"cannot compare string with numeric type (i32)\")"
            }
        ]
    },
    "SCHEMA": {
        "WRONG_DATATYPE": [
            {
                "schema": "SalesSchema",
                "column": "TOTAL_SALES",
                "check": "dtype('Float64')",
                "error": "expected column 'TOTAL_SALES' to have type Float64, got String"
            }
        ]
    }
}

Stack Trace:
  File "/workspaces/testing-dagster/.venv/lib/python3.10/site-packages/dagster/_core/execution/plan/execute_plan.py", line 245, in dagster_event_sequence_for_step
    yield from check.generator(step_events)
  File "/workspaces/testing-dagster/.venv/lib/python3.10/site-packages/dagster/_core/execution/plan/execute_step.py", line 508, in core_dagster_event_sequence_for_step
    for evt in _type_check_and_store_output(step_context, user_event):
  File "/workspaces/testing-dagster/.venv/lib/python3.10/site-packages/dagster/_core/execution/plan/execute_step.py", line 552, in _type_check_and_store_output
    yield from _type_check_output(step_context, step_output_handle, output)
  File "/workspaces/testing-dagster/.venv/lib/python3.10/site-packages/dagster/_core/execution/plan/execute_step.py", line 425, in _type_check_output
    raise DagsterTypeCheckDidNotPass(
[0m
