[32m2025-04-15 17:14:47 +0000[0m - dagster - [34mDEBUG[0m - full_pipeline_job - 4b9cbf4d-4930-4206-8f0b-f96561888566 - 59067 - LOGS_CAPTURED - Started capturing logs in process (pid: 59067).
[32m2025-04-15 17:14:47 +0000[0m - dagster - [34mDEBUG[0m - full_pipeline_job - 4b9cbf4d-4930-4206-8f0b-f96561888566 - 59067 - internal_assign_clusters - STEP_START - Started execution of step "internal_assign_clusters".
[32m2025-04-15 17:14:47 +0000[0m - dagster - [34mDEBUG[0m - full_pipeline_job - 4b9cbf4d-4930-4206-8f0b-f96561888566 - internal_assign_clusters - Loading file from: storage/internal_fe_raw_data using PickledObjectFilesystemIOManager...
[32m2025-04-15 17:14:47 +0000[0m - dagster - [34mDEBUG[0m - full_pipeline_job - 4b9cbf4d-4930-4206-8f0b-f96561888566 - 59067 - internal_assign_clusters - LOADED_INPUT - Loaded input "internal_fe_raw_data" using input manager "io_manager", from output "result" of step "internal_fe_raw_data"
[32m2025-04-15 17:14:47 +0000[0m - dagster - [34mDEBUG[0m - full_pipeline_job - 4b9cbf4d-4930-4206-8f0b-f96561888566 - internal_assign_clusters - Loading file from: storage/internal_train_clustering_models using PickledObjectFilesystemIOManager...
[32m2025-04-15 17:14:47 +0000[0m - dagster - [34mDEBUG[0m - full_pipeline_job - 4b9cbf4d-4930-4206-8f0b-f96561888566 - 59067 - internal_assign_clusters - LOADED_INPUT - Loaded input "internal_train_clustering_models" using input manager "io_manager", from output "result" of step "internal_train_clustering_models"
[32m2025-04-15 17:14:47 +0000[0m - dagster - [34mDEBUG[0m - full_pipeline_job - 4b9cbf4d-4930-4206-8f0b-f96561888566 - 59067 - internal_assign_clusters - STEP_INPUT - Got input "internal_fe_raw_data" of type "Dict[String,DataFrame]". (Type check passed).
[32m2025-04-15 17:14:47 +0000[0m - dagster - [34mDEBUG[0m - full_pipeline_job - 4b9cbf4d-4930-4206-8f0b-f96561888566 - 59067 - internal_assign_clusters - STEP_INPUT - Got input "internal_train_clustering_models" of type "Dict[String,Any]". (Type check passed).
[32m2025-04-15 17:14:47 +0000[0m - dagster - [34mINFO[0m - full_pipeline_job - 4b9cbf4d-4930-4206-8f0b-f96561888566 - internal_assign_clusters - Assigning clusters to data points from raw features
[32m2025-04-15 17:14:47 +0000[0m - dagster - [34mWARNING[0m - full_pipeline_job - 4b9cbf4d-4930-4206-8f0b-f96561888566 - internal_assign_clusters - No trained model found for category: BABY CARE
[32m2025-04-15 17:14:47 +0000[0m - dagster - [34mWARNING[0m - full_pipeline_job - 4b9cbf4d-4930-4206-8f0b-f96561888566 - internal_assign_clusters - No trained model found for category: ADULT CARE
[32m2025-04-15 17:14:47 +0000[0m - dagster - [34mWARNING[0m - full_pipeline_job - 4b9cbf4d-4930-4206-8f0b-f96561888566 - internal_assign_clusters - No trained model found for category: PERSONAL CARE
[32m2025-04-15 17:14:47 +0000[0m - dagster - [34mWARNING[0m - full_pipeline_job - 4b9cbf4d-4930-4206-8f0b-f96561888566 - internal_assign_clusters - No trained model found for category: NUTRITION
[32m2025-04-15 17:14:47 +0000[0m - dagster - [34mWARNING[0m - full_pipeline_job - 4b9cbf4d-4930-4206-8f0b-f96561888566 - internal_assign_clusters - No trained model found for category: MEDICATION
[32m2025-04-15 17:14:47 +0000[0m - dagster - [34mWARNING[0m - full_pipeline_job - 4b9cbf4d-4930-4206-8f0b-f96561888566 - internal_assign_clusters - No trained model found for category: BEAUTY
[32m2025-04-15 17:14:47 +0000[0m - dagster - [34mWARNING[0m - full_pipeline_job - 4b9cbf4d-4930-4206-8f0b-f96561888566 - internal_assign_clusters - No trained model found for category: HOME CARE
[32m2025-04-15 17:14:47 +0000[0m - dagster - [34mDEBUG[0m - full_pipeline_job - 4b9cbf4d-4930-4206-8f0b-f96561888566 - 59067 - internal_assign_clusters - STEP_OUTPUT - Yielded output "result" of type "Dict[String,DataFrame]". (Type check passed).
[32m2025-04-15 17:14:47 +0000[0m - dagster - [34mDEBUG[0m - full_pipeline_job - 4b9cbf4d-4930-4206-8f0b-f96561888566 - internal_assign_clusters - Writing file at: storage/internal_assign_clusters using PickledObjectFilesystemIOManager...
[32m2025-04-15 17:14:47 +0000[0m - dagster - [34mDEBUG[0m - full_pipeline_job - 4b9cbf4d-4930-4206-8f0b-f96561888566 - 59067 - internal_assign_clusters - ASSET_MATERIALIZATION - Materialized value internal_assign_clusters.
[32m2025-04-15 17:14:47 +0000[0m - dagster - [34mDEBUG[0m - full_pipeline_job - 4b9cbf4d-4930-4206-8f0b-f96561888566 - 59067 - internal_assign_clusters - HANDLED_OUTPUT - Handled output "result" using IO manager "io_manager"
[32m2025-04-15 17:14:47 +0000[0m - dagster - [34mDEBUG[0m - full_pipeline_job - 4b9cbf4d-4930-4206-8f0b-f96561888566 - 59067 - internal_assign_clusters - STEP_SUCCESS - Finished execution of step "internal_assign_clusters" in 243ms.
