[32m2025-04-15 17:13:53 +0000[0m - dagster - [34mDEBUG[0m - full_pipeline_job - 4b9cbf4d-4930-4206-8f0b-f96561888566 - 54909 - LOGS_CAPTURED - Started capturing logs in process (pid: 54909).
[32m2025-04-15 17:13:53 +0000[0m - dagster - [34mDEBUG[0m - full_pipeline_job - 4b9cbf4d-4930-4206-8f0b-f96561888566 - 54909 - internal_normalized_data - STEP_START - Started execution of step "internal_normalized_data".
[32m2025-04-15 17:13:54 +0000[0m - dagster - [34mDEBUG[0m - full_pipeline_job - 4b9cbf4d-4930-4206-8f0b-f96561888566 - internal_normalized_data - Loading file from: storage/internal_imputed_features using PickledObjectFilesystemIOManager...
[32m2025-04-15 17:13:54 +0000[0m - dagster - [34mDEBUG[0m - full_pipeline_job - 4b9cbf4d-4930-4206-8f0b-f96561888566 - 54909 - internal_normalized_data - LOADED_INPUT - Loaded input "internal_imputed_features" using input manager "io_manager", from output "result" of step "internal_imputed_features"
[32m2025-04-15 17:13:54 +0000[0m - dagster - [34mDEBUG[0m - full_pipeline_job - 4b9cbf4d-4930-4206-8f0b-f96561888566 - 54909 - internal_normalized_data - STEP_INPUT - Got input "internal_imputed_features" of type "Dict[String,DataFrame]". (Type check passed).
[32m2025-04-15 17:13:54 +0000[0m - dagster - [34mINFO[0m - full_pipeline_job - 4b9cbf4d-4930-4206-8f0b-f96561888566 - internal_normalized_data - Normalizing features for category: BABY CARE
[32m2025-04-15 17:13:54 +0000[0m - dagster - [34mINFO[0m - full_pipeline_job - 4b9cbf4d-4930-4206-8f0b-f96561888566 - internal_normalized_data - Normalization completed for BABY CARE
[32m2025-04-15 17:13:54 +0000[0m - dagster - [34mINFO[0m - full_pipeline_job - 4b9cbf4d-4930-4206-8f0b-f96561888566 - internal_normalized_data - Normalizing features for category: ADULT CARE
[32m2025-04-15 17:13:54 +0000[0m - dagster - [34mINFO[0m - full_pipeline_job - 4b9cbf4d-4930-4206-8f0b-f96561888566 - internal_normalized_data - Normalization completed for ADULT CARE
[32m2025-04-15 17:13:54 +0000[0m - dagster - [34mINFO[0m - full_pipeline_job - 4b9cbf4d-4930-4206-8f0b-f96561888566 - internal_normalized_data - Normalizing features for category: PERSONAL CARE
[32m2025-04-15 17:13:54 +0000[0m - dagster - [34mINFO[0m - full_pipeline_job - 4b9cbf4d-4930-4206-8f0b-f96561888566 - internal_normalized_data - Normalization completed for PERSONAL CARE
[32m2025-04-15 17:13:54 +0000[0m - dagster - [34mINFO[0m - full_pipeline_job - 4b9cbf4d-4930-4206-8f0b-f96561888566 - internal_normalized_data - Normalizing features for category: NUTRITION
[32m2025-04-15 17:13:54 +0000[0m - dagster - [34mINFO[0m - full_pipeline_job - 4b9cbf4d-4930-4206-8f0b-f96561888566 - internal_normalized_data - Normalization completed for NUTRITION
[32m2025-04-15 17:13:54 +0000[0m - dagster - [34mINFO[0m - full_pipeline_job - 4b9cbf4d-4930-4206-8f0b-f96561888566 - internal_normalized_data - Normalizing features for category: MEDICATION
[32m2025-04-15 17:13:54 +0000[0m - dagster - [34mINFO[0m - full_pipeline_job - 4b9cbf4d-4930-4206-8f0b-f96561888566 - internal_normalized_data - Normalization completed for MEDICATION
[32m2025-04-15 17:13:54 +0000[0m - dagster - [34mINFO[0m - full_pipeline_job - 4b9cbf4d-4930-4206-8f0b-f96561888566 - internal_normalized_data - Normalizing features for category: BEAUTY
[32m2025-04-15 17:13:54 +0000[0m - dagster - [34mINFO[0m - full_pipeline_job - 4b9cbf4d-4930-4206-8f0b-f96561888566 - internal_normalized_data - Normalization completed for BEAUTY
[32m2025-04-15 17:13:54 +0000[0m - dagster - [34mINFO[0m - full_pipeline_job - 4b9cbf4d-4930-4206-8f0b-f96561888566 - internal_normalized_data - Normalizing features for category: HOME CARE
[32m2025-04-15 17:13:54 +0000[0m - dagster - [34mINFO[0m - full_pipeline_job - 4b9cbf4d-4930-4206-8f0b-f96561888566 - internal_normalized_data - Normalization completed for HOME CARE
[32m2025-04-15 17:13:54 +0000[0m - dagster - [34mDEBUG[0m - full_pipeline_job - 4b9cbf4d-4930-4206-8f0b-f96561888566 - 54909 - internal_normalized_data - STEP_OUTPUT - Yielded output "result" of type "Dict[String,DataFrame]". (Type check passed).
[32m2025-04-15 17:13:54 +0000[0m - dagster - [34mDEBUG[0m - full_pipeline_job - 4b9cbf4d-4930-4206-8f0b-f96561888566 - internal_normalized_data - Writing file at: storage/internal_normalized_data using PickledObjectFilesystemIOManager...
[32m2025-04-15 17:13:54 +0000[0m - dagster - [34mDEBUG[0m - full_pipeline_job - 4b9cbf4d-4930-4206-8f0b-f96561888566 - 54909 - internal_normalized_data - ASSET_MATERIALIZATION - Materialized value internal_normalized_data.
[32m2025-04-15 17:13:55 +0000[0m - dagster - [34mDEBUG[0m - full_pipeline_job - 4b9cbf4d-4930-4206-8f0b-f96561888566 - 54909 - internal_normalized_data - HANDLED_OUTPUT - Handled output "result" using IO manager "io_manager"
[32m2025-04-15 17:13:55 +0000[0m - dagster - [34mDEBUG[0m - full_pipeline_job - 4b9cbf4d-4930-4206-8f0b-f96561888566 - 54909 - internal_normalized_data - STEP_SUCCESS - Finished execution of step "internal_normalized_data" in 1.04s.
