[32m2025-04-15 17:14:13 +0000[0m - dagster - [34mDEBUG[0m - full_pipeline_job - 4b9cbf4d-4930-4206-8f0b-f96561888566 - 56472 - LOGS_CAPTURED - Started capturing logs in process (pid: 56472).
[32m2025-04-15 17:14:13 +0000[0m - dagster - [34mDEBUG[0m - full_pipeline_job - 4b9cbf4d-4930-4206-8f0b-f96561888566 - 56472 - internal_dimensionality_reduced_features - STEP_START - Started execution of step "internal_dimensionality_reduced_features".
[32m2025-04-15 17:14:13 +0000[0m - dagster - [34mDEBUG[0m - full_pipeline_job - 4b9cbf4d-4930-4206-8f0b-f96561888566 - internal_dimensionality_reduced_features - Loading file from: storage/internal_outlier_removed_features using PickledObjectFilesystemIOManager...
[32m2025-04-15 17:14:13 +0000[0m - dagster - [34mDEBUG[0m - full_pipeline_job - 4b9cbf4d-4930-4206-8f0b-f96561888566 - 56472 - internal_dimensionality_reduced_features - LOADED_INPUT - Loaded input "internal_outlier_removed_features" using input manager "io_manager", from output "result" of step "internal_outlier_removed_features"
[32m2025-04-15 17:14:13 +0000[0m - dagster - [34mDEBUG[0m - full_pipeline_job - 4b9cbf4d-4930-4206-8f0b-f96561888566 - 56472 - internal_dimensionality_reduced_features - STEP_INPUT - Got input "internal_outlier_removed_features" of type "Dict[String,DataFrame]". (Type check passed).
[32m2025-04-15 17:14:13 +0000[0m - dagster - [34mINFO[0m - full_pipeline_job - 4b9cbf4d-4930-4206-8f0b-f96561888566 - internal_dimensionality_reduced_features - Applying PCA for category: BABY CARE
[32m2025-04-15 17:14:14 +0000[0m - dagster - [34mINFO[0m - full_pipeline_job - 4b9cbf4d-4930-4206-8f0b-f96561888566 - internal_dimensionality_reduced_features - PCA reduced features for BABY CARE from 2 to 1
[32m2025-04-15 17:14:14 +0000[0m - dagster - [34mINFO[0m - full_pipeline_job - 4b9cbf4d-4930-4206-8f0b-f96561888566 - internal_dimensionality_reduced_features - Applying PCA for category: ADULT CARE
[32m2025-04-15 17:14:14 +0000[0m - dagster - [34mINFO[0m - full_pipeline_job - 4b9cbf4d-4930-4206-8f0b-f96561888566 - internal_dimensionality_reduced_features - PCA reduced features for ADULT CARE from 3 to 1
[32m2025-04-15 17:14:14 +0000[0m - dagster - [34mINFO[0m - full_pipeline_job - 4b9cbf4d-4930-4206-8f0b-f96561888566 - internal_dimensionality_reduced_features - Applying PCA for category: PERSONAL CARE
[32m2025-04-15 17:14:14 +0000[0m - dagster - [34mINFO[0m - full_pipeline_job - 4b9cbf4d-4930-4206-8f0b-f96561888566 - internal_dimensionality_reduced_features - PCA reduced features for PERSONAL CARE from 2 to 1
[32m2025-04-15 17:14:14 +0000[0m - dagster - [34mINFO[0m - full_pipeline_job - 4b9cbf4d-4930-4206-8f0b-f96561888566 - internal_dimensionality_reduced_features - Applying PCA for category: NUTRITION
[32m2025-04-15 17:14:14 +0000[0m - dagster - [34mINFO[0m - full_pipeline_job - 4b9cbf4d-4930-4206-8f0b-f96561888566 - internal_dimensionality_reduced_features - PCA reduced features for NUTRITION from 2 to 1
[32m2025-04-15 17:14:14 +0000[0m - dagster - [34mINFO[0m - full_pipeline_job - 4b9cbf4d-4930-4206-8f0b-f96561888566 - internal_dimensionality_reduced_features - Applying PCA for category: MEDICATION
[32m2025-04-15 17:14:14 +0000[0m - dagster - [34mINFO[0m - full_pipeline_job - 4b9cbf4d-4930-4206-8f0b-f96561888566 - internal_dimensionality_reduced_features - PCA reduced features for MEDICATION from 2 to 1
[32m2025-04-15 17:14:14 +0000[0m - dagster - [34mINFO[0m - full_pipeline_job - 4b9cbf4d-4930-4206-8f0b-f96561888566 - internal_dimensionality_reduced_features - Applying PCA for category: BEAUTY
[32m2025-04-15 17:14:14 +0000[0m - dagster - [34mINFO[0m - full_pipeline_job - 4b9cbf4d-4930-4206-8f0b-f96561888566 - internal_dimensionality_reduced_features - PCA reduced features for BEAUTY from 2 to 1
[32m2025-04-15 17:14:14 +0000[0m - dagster - [34mINFO[0m - full_pipeline_job - 4b9cbf4d-4930-4206-8f0b-f96561888566 - internal_dimensionality_reduced_features - Applying PCA for category: HOME CARE
[32m2025-04-15 17:14:14 +0000[0m - dagster - [34mINFO[0m - full_pipeline_job - 4b9cbf4d-4930-4206-8f0b-f96561888566 - internal_dimensionality_reduced_features - PCA reduced features for HOME CARE from 1 to 1
[32m2025-04-15 17:14:14 +0000[0m - dagster - [34mDEBUG[0m - full_pipeline_job - 4b9cbf4d-4930-4206-8f0b-f96561888566 - 56472 - internal_dimensionality_reduced_features - STEP_OUTPUT - Yielded output "result" of type "Dict[String,DataFrame]". (Type check passed).
[32m2025-04-15 17:14:14 +0000[0m - dagster - [34mDEBUG[0m - full_pipeline_job - 4b9cbf4d-4930-4206-8f0b-f96561888566 - internal_dimensionality_reduced_features - Writing file at: storage/internal_dimensionality_reduced_features using PickledObjectFilesystemIOManager...
[32m2025-04-15 17:14:14 +0000[0m - dagster - [34mDEBUG[0m - full_pipeline_job - 4b9cbf4d-4930-4206-8f0b-f96561888566 - 56472 - internal_dimensionality_reduced_features - ASSET_MATERIALIZATION - Materialized value internal_dimensionality_reduced_features.
[32m2025-04-15 17:14:14 +0000[0m - dagster - [34mDEBUG[0m - full_pipeline_job - 4b9cbf4d-4930-4206-8f0b-f96561888566 - 56472 - internal_dimensionality_reduced_features - HANDLED_OUTPUT - Handled output "result" using IO manager "io_manager"
[32m2025-04-15 17:14:14 +0000[0m - dagster - [34mDEBUG[0m - full_pipeline_job - 4b9cbf4d-4930-4206-8f0b-f96561888566 - 56472 - internal_dimensionality_reduced_features - STEP_SUCCESS - Finished execution of step "internal_dimensionality_reduced_features" in 1.3s.
