[32m2025-04-15 03:55:40 +0000[0m - dagster - [34mDEBUG[0m - full_pipeline_job - 61033a6d-dfbf-4a77-92e1-531f826367cf - 91598 - LOGS_CAPTURED - Started capturing logs in process (pid: 91598).
[32m2025-04-15 03:55:40 +0000[0m - dagster - [34mDEBUG[0m - full_pipeline_job - 61033a6d-dfbf-4a77-92e1-531f826367cf - 91598 - internal_outlier_removed_features - STEP_START - Started execution of step "internal_outlier_removed_features".
[32m2025-04-15 03:55:40 +0000[0m - dagster - [34mDEBUG[0m - full_pipeline_job - 61033a6d-dfbf-4a77-92e1-531f826367cf - internal_outlier_removed_features - Loading file from: storage/internal_normalized_data using PickledObjectFilesystemIOManager...
[32m2025-04-15 03:55:40 +0000[0m - dagster - [34mDEBUG[0m - full_pipeline_job - 61033a6d-dfbf-4a77-92e1-531f826367cf - 91598 - internal_outlier_removed_features - LOADED_INPUT - Loaded input "internal_normalized_data" using input manager "io_manager", from output "result" of step "internal_normalized_data"
[32m2025-04-15 03:55:40 +0000[0m - dagster - [34mDEBUG[0m - full_pipeline_job - 61033a6d-dfbf-4a77-92e1-531f826367cf - 91598 - internal_outlier_removed_features - STEP_INPUT - Got input "internal_normalized_data" of type "Dict[String,DataFrame]". (Type check passed).
[32m2025-04-15 03:55:40 +0000[0m - dagster - [34mINFO[0m - full_pipeline_job - 61033a6d-dfbf-4a77-92e1-531f826367cf - internal_outlier_removed_features - Removing outliers for category: BEAUTY
[32m2025-04-15 03:55:41 +0000[0m - dagster - [34mINFO[0m - full_pipeline_job - 61033a6d-dfbf-4a77-92e1-531f826367cf - internal_outlier_removed_features - Removed 0 outliers from BEAUTY
[32m2025-04-15 03:55:41 +0000[0m - dagster - [34mINFO[0m - full_pipeline_job - 61033a6d-dfbf-4a77-92e1-531f826367cf - internal_outlier_removed_features - Removing outliers for category: HOME CARE
[32m2025-04-15 03:55:41 +0000[0m - dagster - [34mINFO[0m - full_pipeline_job - 61033a6d-dfbf-4a77-92e1-531f826367cf - internal_outlier_removed_features - Removed 0 outliers from HOME CARE
[32m2025-04-15 03:55:41 +0000[0m - dagster - [34mINFO[0m - full_pipeline_job - 61033a6d-dfbf-4a77-92e1-531f826367cf - internal_outlier_removed_features - Removing outliers for category: NUTRITION
[32m2025-04-15 03:55:41 +0000[0m - dagster - [34mINFO[0m - full_pipeline_job - 61033a6d-dfbf-4a77-92e1-531f826367cf - internal_outlier_removed_features - Removed 0 outliers from NUTRITION
[32m2025-04-15 03:55:41 +0000[0m - dagster - [34mINFO[0m - full_pipeline_job - 61033a6d-dfbf-4a77-92e1-531f826367cf - internal_outlier_removed_features - Removing outliers for category: PERSONAL CARE
[32m2025-04-15 03:55:42 +0000[0m - dagster - [34mINFO[0m - full_pipeline_job - 61033a6d-dfbf-4a77-92e1-531f826367cf - internal_outlier_removed_features - Removed 0 outliers from PERSONAL CARE
[32m2025-04-15 03:55:42 +0000[0m - dagster - [34mINFO[0m - full_pipeline_job - 61033a6d-dfbf-4a77-92e1-531f826367cf - internal_outlier_removed_features - Removing outliers for category: ADULT CARE
[32m2025-04-15 03:55:42 +0000[0m - dagster - [34mINFO[0m - full_pipeline_job - 61033a6d-dfbf-4a77-92e1-531f826367cf - internal_outlier_removed_features - Removed 0 outliers from ADULT CARE
[32m2025-04-15 03:55:42 +0000[0m - dagster - [34mINFO[0m - full_pipeline_job - 61033a6d-dfbf-4a77-92e1-531f826367cf - internal_outlier_removed_features - Removing outliers for category: BABY CARE
[32m2025-04-15 03:55:42 +0000[0m - dagster - [34mINFO[0m - full_pipeline_job - 61033a6d-dfbf-4a77-92e1-531f826367cf - internal_outlier_removed_features - Removed 0 outliers from BABY CARE
[32m2025-04-15 03:55:42 +0000[0m - dagster - [34mINFO[0m - full_pipeline_job - 61033a6d-dfbf-4a77-92e1-531f826367cf - internal_outlier_removed_features - Removing outliers for category: MEDICATION
[32m2025-04-15 03:55:43 +0000[0m - dagster - [34mINFO[0m - full_pipeline_job - 61033a6d-dfbf-4a77-92e1-531f826367cf - internal_outlier_removed_features - Removed 0 outliers from MEDICATION
[32m2025-04-15 03:55:43 +0000[0m - dagster - [34mDEBUG[0m - full_pipeline_job - 61033a6d-dfbf-4a77-92e1-531f826367cf - 91598 - internal_outlier_removed_features - STEP_OUTPUT - Yielded output "result" of type "Dict[String,DataFrame]". (Type check passed).
[32m2025-04-15 03:55:43 +0000[0m - dagster - [34mDEBUG[0m - full_pipeline_job - 61033a6d-dfbf-4a77-92e1-531f826367cf - internal_outlier_removed_features - Writing file at: storage/internal_outlier_removed_features using PickledObjectFilesystemIOManager...
[32m2025-04-15 03:55:43 +0000[0m - dagster - [34mDEBUG[0m - full_pipeline_job - 61033a6d-dfbf-4a77-92e1-531f826367cf - 91598 - internal_outlier_removed_features - ASSET_MATERIALIZATION - Materialized value internal_outlier_removed_features.
[32m2025-04-15 03:55:43 +0000[0m - dagster - [34mDEBUG[0m - full_pipeline_job - 61033a6d-dfbf-4a77-92e1-531f826367cf - 91598 - internal_outlier_removed_features - HANDLED_OUTPUT - Handled output "result" using IO manager "io_manager"
[32m2025-04-15 03:55:43 +0000[0m - dagster - [34mDEBUG[0m - full_pipeline_job - 61033a6d-dfbf-4a77-92e1-531f826367cf - 91598 - internal_outlier_removed_features - STEP_SUCCESS - Finished execution of step "internal_outlier_removed_features" in 2.47s.
