[32m2025-04-15 03:56:51 +0000[0m - dagster - [34mDEBUG[0m - full_pipeline_job - 61033a6d-dfbf-4a77-92e1-531f826367cf - 96279 - LOGS_CAPTURED - Started capturing logs in process (pid: 96279).
[32m2025-04-15 03:56:51 +0000[0m - dagster - [34mDEBUG[0m - full_pipeline_job - 61033a6d-dfbf-4a77-92e1-531f826367cf - 96279 - internal_train_clustering_models - STEP_START - Started execution of step "internal_train_clustering_models".
[32m2025-04-15 03:56:51 +0000[0m - dagster - [34mDEBUG[0m - full_pipeline_job - 61033a6d-dfbf-4a77-92e1-531f826367cf - internal_train_clustering_models - Loading file from: storage/internal_dimensionality_reduced_features using PickledObjectFilesystemIOManager...
[32m2025-04-15 03:56:51 +0000[0m - dagster - [34mDEBUG[0m - full_pipeline_job - 61033a6d-dfbf-4a77-92e1-531f826367cf - 96279 - internal_train_clustering_models - LOADED_INPUT - Loaded input "internal_dimensionality_reduced_features" using input manager "io_manager", from output "result" of step "internal_dimensionality_reduced_features"
[32m2025-04-15 03:56:51 +0000[0m - dagster - [34mDEBUG[0m - full_pipeline_job - 61033a6d-dfbf-4a77-92e1-531f826367cf - internal_train_clustering_models - Loading file from: storage/internal_optimal_cluster_counts using PickledObjectFilesystemIOManager...
[32m2025-04-15 03:56:51 +0000[0m - dagster - [34mDEBUG[0m - full_pipeline_job - 61033a6d-dfbf-4a77-92e1-531f826367cf - 96279 - internal_train_clustering_models - LOADED_INPUT - Loaded input "internal_optimal_cluster_counts" using input manager "io_manager", from output "result" of step "internal_optimal_cluster_counts"
[32m2025-04-15 03:56:51 +0000[0m - dagster - [34mDEBUG[0m - full_pipeline_job - 61033a6d-dfbf-4a77-92e1-531f826367cf - 96279 - internal_train_clustering_models - STEP_INPUT - Got input "internal_dimensionality_reduced_features" of type "Dict[String,DataFrame]". (Type check passed).
[32m2025-04-15 03:56:51 +0000[0m - dagster - [34mDEBUG[0m - full_pipeline_job - 61033a6d-dfbf-4a77-92e1-531f826367cf - 96279 - internal_train_clustering_models - STEP_INPUT - Got input "internal_optimal_cluster_counts" of type "Dict[String,Int]". (Type check passed).
[32m2025-04-15 03:56:51 +0000[0m - dagster - [34mINFO[0m - full_pipeline_job - 61033a6d-dfbf-4a77-92e1-531f826367cf - internal_train_clustering_models - Training clustering models using algorithm: kmeans
[32m2025-04-15 03:56:51 +0000[0m - dagster - [34mWARNING[0m - full_pipeline_job - 61033a6d-dfbf-4a77-92e1-531f826367cf - internal_train_clustering_models - Cluster count for 'BEAUTY' was 1, but PyCaret requires at least 2 clusters. Adjusting to 2 clusters.
[32m2025-04-15 03:56:51 +0000[0m - dagster - [34mWARNING[0m - full_pipeline_job - 61033a6d-dfbf-4a77-92e1-531f826367cf - internal_train_clustering_models - Category 'BEAUTY' has only 2 samples, which is not enough for 2 clusters. Adjusting to 2 clusters.
[32m2025-04-15 03:56:51 +0000[0m - dagster - [34mERROR[0m - [31mfull_pipeline_job - 61033a6d-dfbf-4a77-92e1-531f826367cf - internal_train_clustering_models - Category 'BEAUTY' has only 2 samples, which is insufficient for clustering. Skipping this category.[0m
[32m2025-04-15 03:56:51 +0000[0m - dagster - [34mWARNING[0m - full_pipeline_job - 61033a6d-dfbf-4a77-92e1-531f826367cf - internal_train_clustering_models - Cluster count for 'HOME CARE' was 1, but PyCaret requires at least 2 clusters. Adjusting to 2 clusters.
[32m2025-04-15 03:56:51 +0000[0m - dagster - [34mWARNING[0m - full_pipeline_job - 61033a6d-dfbf-4a77-92e1-531f826367cf - internal_train_clustering_models - Category 'HOME CARE' has only 2 samples, which is not enough for 2 clusters. Adjusting to 2 clusters.
[32m2025-04-15 03:56:51 +0000[0m - dagster - [34mERROR[0m - [31mfull_pipeline_job - 61033a6d-dfbf-4a77-92e1-531f826367cf - internal_train_clustering_models - Category 'HOME CARE' has only 2 samples, which is insufficient for clustering. Skipping this category.[0m
[32m2025-04-15 03:56:51 +0000[0m - dagster - [34mWARNING[0m - full_pipeline_job - 61033a6d-dfbf-4a77-92e1-531f826367cf - internal_train_clustering_models - Cluster count for 'NUTRITION' was 1, but PyCaret requires at least 2 clusters. Adjusting to 2 clusters.
[32m2025-04-15 03:56:51 +0000[0m - dagster - [34mWARNING[0m - full_pipeline_job - 61033a6d-dfbf-4a77-92e1-531f826367cf - internal_train_clustering_models - Category 'NUTRITION' has only 2 samples, which is not enough for 2 clusters. Adjusting to 2 clusters.
[32m2025-04-15 03:56:51 +0000[0m - dagster - [34mERROR[0m - [31mfull_pipeline_job - 61033a6d-dfbf-4a77-92e1-531f826367cf - internal_train_clustering_models - Category 'NUTRITION' has only 2 samples, which is insufficient for clustering. Skipping this category.[0m
[32m2025-04-15 03:56:51 +0000[0m - dagster - [34mWARNING[0m - full_pipeline_job - 61033a6d-dfbf-4a77-92e1-531f826367cf - internal_train_clustering_models - Cluster count for 'PERSONAL CARE' was 1, but PyCaret requires at least 2 clusters. Adjusting to 2 clusters.
[32m2025-04-15 03:56:51 +0000[0m - dagster - [34mWARNING[0m - full_pipeline_job - 61033a6d-dfbf-4a77-92e1-531f826367cf - internal_train_clustering_models - Category 'PERSONAL CARE' has only 2 samples, which is not enough for 2 clusters. Adjusting to 2 clusters.
[32m2025-04-15 03:56:51 +0000[0m - dagster - [34mERROR[0m - [31mfull_pipeline_job - 61033a6d-dfbf-4a77-92e1-531f826367cf - internal_train_clustering_models - Category 'PERSONAL CARE' has only 2 samples, which is insufficient for clustering. Skipping this category.[0m
[32m2025-04-15 03:56:51 +0000[0m - dagster - [34mWARNING[0m - full_pipeline_job - 61033a6d-dfbf-4a77-92e1-531f826367cf - internal_train_clustering_models - Cluster count for 'ADULT CARE' was 1, but PyCaret requires at least 2 clusters. Adjusting to 2 clusters.
[32m2025-04-15 03:56:51 +0000[0m - dagster - [34mWARNING[0m - full_pipeline_job - 61033a6d-dfbf-4a77-92e1-531f826367cf - internal_train_clustering_models - Category 'ADULT CARE' has only 2 samples, which is not enough for 2 clusters. Adjusting to 2 clusters.
[32m2025-04-15 03:56:51 +0000[0m - dagster - [34mERROR[0m - [31mfull_pipeline_job - 61033a6d-dfbf-4a77-92e1-531f826367cf - internal_train_clustering_models - Category 'ADULT CARE' has only 2 samples, which is insufficient for clustering. Skipping this category.[0m
[32m2025-04-15 03:56:51 +0000[0m - dagster - [34mWARNING[0m - full_pipeline_job - 61033a6d-dfbf-4a77-92e1-531f826367cf - internal_train_clustering_models - Cluster count for 'BABY CARE' was 1, but PyCaret requires at least 2 clusters. Adjusting to 2 clusters.
[32m2025-04-15 03:56:51 +0000[0m - dagster - [34mWARNING[0m - full_pipeline_job - 61033a6d-dfbf-4a77-92e1-531f826367cf - internal_train_clustering_models - Category 'BABY CARE' has only 2 samples, which is not enough for 2 clusters. Adjusting to 2 clusters.
[32m2025-04-15 03:56:51 +0000[0m - dagster - [34mERROR[0m - [31mfull_pipeline_job - 61033a6d-dfbf-4a77-92e1-531f826367cf - internal_train_clustering_models - Category 'BABY CARE' has only 2 samples, which is insufficient for clustering. Skipping this category.[0m
[32m2025-04-15 03:56:51 +0000[0m - dagster - [34mWARNING[0m - full_pipeline_job - 61033a6d-dfbf-4a77-92e1-531f826367cf - internal_train_clustering_models - Cluster count for 'MEDICATION' was 1, but PyCaret requires at least 2 clusters. Adjusting to 2 clusters.
[32m2025-04-15 03:56:51 +0000[0m - dagster - [34mWARNING[0m - full_pipeline_job - 61033a6d-dfbf-4a77-92e1-531f826367cf - internal_train_clustering_models - Category 'MEDICATION' has only 2 samples, which is not enough for 2 clusters. Adjusting to 2 clusters.
[32m2025-04-15 03:56:52 +0000[0m - dagster - [34mERROR[0m - [31mfull_pipeline_job - 61033a6d-dfbf-4a77-92e1-531f826367cf - internal_train_clustering_models - Category 'MEDICATION' has only 2 samples, which is insufficient for clustering. Skipping this category.[0m
[32m2025-04-15 03:56:52 +0000[0m - dagster - [34mDEBUG[0m - full_pipeline_job - 61033a6d-dfbf-4a77-92e1-531f826367cf - 96279 - internal_train_clustering_models - STEP_OUTPUT - Yielded output "result" of type "Dict[String,Any]". (Type check passed).
[32m2025-04-15 03:56:52 +0000[0m - dagster - [34mDEBUG[0m - full_pipeline_job - 61033a6d-dfbf-4a77-92e1-531f826367cf - internal_train_clustering_models - Writing file at: storage/internal_train_clustering_models using PickledObjectFilesystemIOManager...
[32m2025-04-15 03:56:52 +0000[0m - dagster - [34mDEBUG[0m - full_pipeline_job - 61033a6d-dfbf-4a77-92e1-531f826367cf - 96279 - internal_train_clustering_models - ASSET_MATERIALIZATION - Materialized value internal_train_clustering_models.
[32m2025-04-15 03:56:52 +0000[0m - dagster - [34mDEBUG[0m - full_pipeline_job - 61033a6d-dfbf-4a77-92e1-531f826367cf - 96279 - internal_train_clustering_models - HANDLED_OUTPUT - Handled output "result" using IO manager "io_manager"
[32m2025-04-15 03:56:52 +0000[0m - dagster - [34mDEBUG[0m - full_pipeline_job - 61033a6d-dfbf-4a77-92e1-531f826367cf - 96279 - internal_train_clustering_models - STEP_SUCCESS - Finished execution of step "internal_train_clustering_models" in 753ms.
