[32m2025-04-15 03:56:33 +0000[0m - dagster - [34mDEBUG[0m - full_pipeline_job - 61033a6d-dfbf-4a77-92e1-531f826367cf - 95334 - LOGS_CAPTURED - Started capturing logs in process (pid: 95334).
[32m2025-04-15 03:56:33 +0000[0m - dagster - [34mDEBUG[0m - full_pipeline_job - 61033a6d-dfbf-4a77-92e1-531f826367cf - 95334 - internal_feature_metadata - STEP_START - Started execution of step "internal_feature_metadata".
[32m2025-04-15 03:56:33 +0000[0m - dagster - [34mDEBUG[0m - full_pipeline_job - 61033a6d-dfbf-4a77-92e1-531f826367cf - internal_feature_metadata - Loading file from: storage/internal_dimensionality_reduced_features using PickledObjectFilesystemIOManager...
[32m2025-04-15 03:56:33 +0000[0m - dagster - [34mDEBUG[0m - full_pipeline_job - 61033a6d-dfbf-4a77-92e1-531f826367cf - 95334 - internal_feature_metadata - LOADED_INPUT - Loaded input "internal_dimensionality_reduced_features" using input manager "io_manager", from output "result" of step "internal_dimensionality_reduced_features"
[32m2025-04-15 03:56:33 +0000[0m - dagster - [34mDEBUG[0m - full_pipeline_job - 61033a6d-dfbf-4a77-92e1-531f826367cf - 95334 - internal_feature_metadata - STEP_INPUT - Got input "internal_dimensionality_reduced_features" of type "Dict[String,DataFrame]". (Type check passed).
[32m2025-04-15 03:56:33 +0000[0m - dagster - [34mINFO[0m - full_pipeline_job - 61033a6d-dfbf-4a77-92e1-531f826367cf - internal_feature_metadata - Generating feature metadata with detail level: full
[32m2025-04-15 03:56:34 +0000[0m - dagster - [34mINFO[0m - full_pipeline_job - 61033a6d-dfbf-4a77-92e1-531f826367cf - internal_feature_metadata - Creating metadata for category: BEAUTY
[32m2025-04-15 03:56:34 +0000[0m - dagster - [34mINFO[0m - full_pipeline_job - 61033a6d-dfbf-4a77-92e1-531f826367cf - internal_feature_metadata - Adding detailed statistics for BEAUTY
[32m2025-04-15 03:56:34 +0000[0m - dagster - [34mINFO[0m - full_pipeline_job - 61033a6d-dfbf-4a77-92e1-531f826367cf - internal_feature_metadata - Calculating correlation matrix for 1 numeric columns
[32m2025-04-15 03:56:34 +0000[0m - dagster - [34mINFO[0m - full_pipeline_job - 61033a6d-dfbf-4a77-92e1-531f826367cf - internal_feature_metadata - Completed metadata generation for BEAUTY
[32m2025-04-15 03:56:34 +0000[0m - dagster - [34mINFO[0m - full_pipeline_job - 61033a6d-dfbf-4a77-92e1-531f826367cf - internal_feature_metadata - Creating metadata for category: HOME CARE
[32m2025-04-15 03:56:34 +0000[0m - dagster - [34mINFO[0m - full_pipeline_job - 61033a6d-dfbf-4a77-92e1-531f826367cf - internal_feature_metadata - Adding detailed statistics for HOME CARE
[32m2025-04-15 03:56:34 +0000[0m - dagster - [34mINFO[0m - full_pipeline_job - 61033a6d-dfbf-4a77-92e1-531f826367cf - internal_feature_metadata - Calculating correlation matrix for 1 numeric columns
[32m2025-04-15 03:56:34 +0000[0m - dagster - [34mINFO[0m - full_pipeline_job - 61033a6d-dfbf-4a77-92e1-531f826367cf - internal_feature_metadata - Completed metadata generation for HOME CARE
[32m2025-04-15 03:56:34 +0000[0m - dagster - [34mINFO[0m - full_pipeline_job - 61033a6d-dfbf-4a77-92e1-531f826367cf - internal_feature_metadata - Creating metadata for category: NUTRITION
[32m2025-04-15 03:56:34 +0000[0m - dagster - [34mINFO[0m - full_pipeline_job - 61033a6d-dfbf-4a77-92e1-531f826367cf - internal_feature_metadata - Adding detailed statistics for NUTRITION
[32m2025-04-15 03:56:34 +0000[0m - dagster - [34mINFO[0m - full_pipeline_job - 61033a6d-dfbf-4a77-92e1-531f826367cf - internal_feature_metadata - Calculating correlation matrix for 1 numeric columns
[32m2025-04-15 03:56:34 +0000[0m - dagster - [34mINFO[0m - full_pipeline_job - 61033a6d-dfbf-4a77-92e1-531f826367cf - internal_feature_metadata - Completed metadata generation for NUTRITION
[32m2025-04-15 03:56:34 +0000[0m - dagster - [34mINFO[0m - full_pipeline_job - 61033a6d-dfbf-4a77-92e1-531f826367cf - internal_feature_metadata - Creating metadata for category: PERSONAL CARE
[32m2025-04-15 03:56:34 +0000[0m - dagster - [34mINFO[0m - full_pipeline_job - 61033a6d-dfbf-4a77-92e1-531f826367cf - internal_feature_metadata - Adding detailed statistics for PERSONAL CARE
[32m2025-04-15 03:56:34 +0000[0m - dagster - [34mINFO[0m - full_pipeline_job - 61033a6d-dfbf-4a77-92e1-531f826367cf - internal_feature_metadata - Calculating correlation matrix for 1 numeric columns
[32m2025-04-15 03:56:34 +0000[0m - dagster - [34mINFO[0m - full_pipeline_job - 61033a6d-dfbf-4a77-92e1-531f826367cf - internal_feature_metadata - Completed metadata generation for PERSONAL CARE
[32m2025-04-15 03:56:34 +0000[0m - dagster - [34mINFO[0m - full_pipeline_job - 61033a6d-dfbf-4a77-92e1-531f826367cf - internal_feature_metadata - Creating metadata for category: ADULT CARE
[32m2025-04-15 03:56:34 +0000[0m - dagster - [34mINFO[0m - full_pipeline_job - 61033a6d-dfbf-4a77-92e1-531f826367cf - internal_feature_metadata - Adding detailed statistics for ADULT CARE
[32m2025-04-15 03:56:34 +0000[0m - dagster - [34mINFO[0m - full_pipeline_job - 61033a6d-dfbf-4a77-92e1-531f826367cf - internal_feature_metadata - Calculating correlation matrix for 1 numeric columns
[32m2025-04-15 03:56:34 +0000[0m - dagster - [34mINFO[0m - full_pipeline_job - 61033a6d-dfbf-4a77-92e1-531f826367cf - internal_feature_metadata - Completed metadata generation for ADULT CARE
[32m2025-04-15 03:56:34 +0000[0m - dagster - [34mINFO[0m - full_pipeline_job - 61033a6d-dfbf-4a77-92e1-531f826367cf - internal_feature_metadata - Creating metadata for category: BABY CARE
[32m2025-04-15 03:56:34 +0000[0m - dagster - [34mINFO[0m - full_pipeline_job - 61033a6d-dfbf-4a77-92e1-531f826367cf - internal_feature_metadata - Adding detailed statistics for BABY CARE
[32m2025-04-15 03:56:34 +0000[0m - dagster - [34mINFO[0m - full_pipeline_job - 61033a6d-dfbf-4a77-92e1-531f826367cf - internal_feature_metadata - Calculating correlation matrix for 1 numeric columns
[32m2025-04-15 03:56:34 +0000[0m - dagster - [34mINFO[0m - full_pipeline_job - 61033a6d-dfbf-4a77-92e1-531f826367cf - internal_feature_metadata - Completed metadata generation for BABY CARE
[32m2025-04-15 03:56:34 +0000[0m - dagster - [34mINFO[0m - full_pipeline_job - 61033a6d-dfbf-4a77-92e1-531f826367cf - internal_feature_metadata - Creating metadata for category: MEDICATION
[32m2025-04-15 03:56:34 +0000[0m - dagster - [34mINFO[0m - full_pipeline_job - 61033a6d-dfbf-4a77-92e1-531f826367cf - internal_feature_metadata - Adding detailed statistics for MEDICATION
[32m2025-04-15 03:56:34 +0000[0m - dagster - [34mINFO[0m - full_pipeline_job - 61033a6d-dfbf-4a77-92e1-531f826367cf - internal_feature_metadata - Calculating correlation matrix for 1 numeric columns
[32m2025-04-15 03:56:34 +0000[0m - dagster - [34mINFO[0m - full_pipeline_job - 61033a6d-dfbf-4a77-92e1-531f826367cf - internal_feature_metadata - Completed metadata generation for MEDICATION
[32m2025-04-15 03:56:34 +0000[0m - dagster - [34mDEBUG[0m - full_pipeline_job - 61033a6d-dfbf-4a77-92e1-531f826367cf - 95334 - internal_feature_metadata - STEP_OUTPUT - Yielded output "result" of type "Dict[String,Dict[String,Any]]". (Type check passed).
[32m2025-04-15 03:56:34 +0000[0m - dagster - [34mDEBUG[0m - full_pipeline_job - 61033a6d-dfbf-4a77-92e1-531f826367cf - internal_feature_metadata - Writing file at: storage/internal_feature_metadata using PickledObjectFilesystemIOManager...
[32m2025-04-15 03:56:34 +0000[0m - dagster - [34mDEBUG[0m - full_pipeline_job - 61033a6d-dfbf-4a77-92e1-531f826367cf - 95334 - internal_feature_metadata - ASSET_MATERIALIZATION - Materialized value internal_feature_metadata.
[32m2025-04-15 03:56:34 +0000[0m - dagster - [34mDEBUG[0m - full_pipeline_job - 61033a6d-dfbf-4a77-92e1-531f826367cf - 95334 - internal_feature_metadata - HANDLED_OUTPUT - Handled output "result" using IO manager "io_manager"
[32m2025-04-15 03:56:34 +0000[0m - dagster - [34mDEBUG[0m - full_pipeline_job - 61033a6d-dfbf-4a77-92e1-531f826367cf - 95334 - internal_feature_metadata - STEP_SUCCESS - Finished execution of step "internal_feature_metadata" in 485ms.
