[32m2025-04-15 03:55:00 +0000[0m - dagster - [34mDEBUG[0m - full_pipeline_job - 61033a6d-dfbf-4a77-92e1-531f826367cf - 88615 - LOGS_CAPTURED - Started capturing logs in process (pid: 88615).
[32m2025-04-15 03:55:00 +0000[0m - dagster - [34mDEBUG[0m - full_pipeline_job - 61033a6d-dfbf-4a77-92e1-531f826367cf - 88615 - internal_imputed_features - STEP_START - Started execution of step "internal_imputed_features".
[32m2025-04-15 03:55:00 +0000[0m - dagster - [34mDEBUG[0m - full_pipeline_job - 61033a6d-dfbf-4a77-92e1-531f826367cf - internal_imputed_features - Loading file from: storage/internal_filtered_features using PickledObjectFilesystemIOManager...
[32m2025-04-15 03:55:00 +0000[0m - dagster - [34mDEBUG[0m - full_pipeline_job - 61033a6d-dfbf-4a77-92e1-531f826367cf - 88615 - internal_imputed_features - LOADED_INPUT - Loaded input "internal_filtered_features" using input manager "io_manager", from output "result" of step "internal_filtered_features"
[32m2025-04-15 03:55:00 +0000[0m - dagster - [34mDEBUG[0m - full_pipeline_job - 61033a6d-dfbf-4a77-92e1-531f826367cf - 88615 - internal_imputed_features - STEP_INPUT - Got input "internal_filtered_features" of type "Dict[String,DataFrame]". (Type check passed).
[32m2025-04-15 03:55:00 +0000[0m - dagster - [34mINFO[0m - full_pipeline_job - 61033a6d-dfbf-4a77-92e1-531f826367cf - internal_imputed_features - Imputing missing values for category: BEAUTY
[32m2025-04-15 03:55:00 +0000[0m - dagster - [34mINFO[0m - full_pipeline_job - 61033a6d-dfbf-4a77-92e1-531f826367cf - internal_imputed_features - Missing value imputation completed for BEAUTY
[32m2025-04-15 03:55:00 +0000[0m - dagster - [34mINFO[0m - full_pipeline_job - 61033a6d-dfbf-4a77-92e1-531f826367cf - internal_imputed_features - Imputing missing values for category: HOME CARE
[32m2025-04-15 03:55:00 +0000[0m - dagster - [34mINFO[0m - full_pipeline_job - 61033a6d-dfbf-4a77-92e1-531f826367cf - internal_imputed_features - Missing value imputation completed for HOME CARE
[32m2025-04-15 03:55:00 +0000[0m - dagster - [34mINFO[0m - full_pipeline_job - 61033a6d-dfbf-4a77-92e1-531f826367cf - internal_imputed_features - Imputing missing values for category: NUTRITION
[32m2025-04-15 03:55:00 +0000[0m - dagster - [34mINFO[0m - full_pipeline_job - 61033a6d-dfbf-4a77-92e1-531f826367cf - internal_imputed_features - Missing value imputation completed for NUTRITION
[32m2025-04-15 03:55:00 +0000[0m - dagster - [34mINFO[0m - full_pipeline_job - 61033a6d-dfbf-4a77-92e1-531f826367cf - internal_imputed_features - Imputing missing values for category: PERSONAL CARE
[32m2025-04-15 03:55:00 +0000[0m - dagster - [34mINFO[0m - full_pipeline_job - 61033a6d-dfbf-4a77-92e1-531f826367cf - internal_imputed_features - Missing value imputation completed for PERSONAL CARE
[32m2025-04-15 03:55:00 +0000[0m - dagster - [34mINFO[0m - full_pipeline_job - 61033a6d-dfbf-4a77-92e1-531f826367cf - internal_imputed_features - Imputing missing values for category: ADULT CARE
[32m2025-04-15 03:55:01 +0000[0m - dagster - [34mINFO[0m - full_pipeline_job - 61033a6d-dfbf-4a77-92e1-531f826367cf - internal_imputed_features - Missing value imputation completed for ADULT CARE
[32m2025-04-15 03:55:01 +0000[0m - dagster - [34mINFO[0m - full_pipeline_job - 61033a6d-dfbf-4a77-92e1-531f826367cf - internal_imputed_features - Imputing missing values for category: BABY CARE
[32m2025-04-15 03:55:01 +0000[0m - dagster - [34mINFO[0m - full_pipeline_job - 61033a6d-dfbf-4a77-92e1-531f826367cf - internal_imputed_features - Missing value imputation completed for BABY CARE
[32m2025-04-15 03:55:01 +0000[0m - dagster - [34mINFO[0m - full_pipeline_job - 61033a6d-dfbf-4a77-92e1-531f826367cf - internal_imputed_features - Imputing missing values for category: MEDICATION
[32m2025-04-15 03:55:01 +0000[0m - dagster - [34mINFO[0m - full_pipeline_job - 61033a6d-dfbf-4a77-92e1-531f826367cf - internal_imputed_features - Missing value imputation completed for MEDICATION
[32m2025-04-15 03:55:01 +0000[0m - dagster - [34mDEBUG[0m - full_pipeline_job - 61033a6d-dfbf-4a77-92e1-531f826367cf - 88615 - internal_imputed_features - STEP_OUTPUT - Yielded output "result" of type "Dict[String,DataFrame]". (Type check passed).
[32m2025-04-15 03:55:01 +0000[0m - dagster - [34mDEBUG[0m - full_pipeline_job - 61033a6d-dfbf-4a77-92e1-531f826367cf - internal_imputed_features - Writing file at: storage/internal_imputed_features using PickledObjectFilesystemIOManager...
[32m2025-04-15 03:55:01 +0000[0m - dagster - [34mDEBUG[0m - full_pipeline_job - 61033a6d-dfbf-4a77-92e1-531f826367cf - 88615 - internal_imputed_features - ASSET_MATERIALIZATION - Materialized value internal_imputed_features.
[32m2025-04-15 03:55:01 +0000[0m - dagster - [34mDEBUG[0m - full_pipeline_job - 61033a6d-dfbf-4a77-92e1-531f826367cf - 88615 - internal_imputed_features - HANDLED_OUTPUT - Handled output "result" using IO manager "io_manager"
[32m2025-04-15 03:55:01 +0000[0m - dagster - [34mDEBUG[0m - full_pipeline_job - 61033a6d-dfbf-4a77-92e1-531f826367cf - 88615 - internal_imputed_features - STEP_SUCCESS - Finished execution of step "internal_imputed_features" in 1.21s.
