[32m2025-04-15 22:18:16 +0000[0m - dagster - [34mDEBUG[0m - internal_ml_job - 17209dab-d6d1-44b5-8358-fa949323170c - 893 - LOGS_CAPTURED - Started capturing logs in process (pid: 893).
[32m2025-04-15 22:18:16 +0000[0m - dagster - [34mDEBUG[0m - internal_ml_job - 17209dab-d6d1-44b5-8358-fa949323170c - 893 - internal_outlier_removed_features - STEP_START - Started execution of step "internal_outlier_removed_features".
[32m2025-04-15 22:18:16 +0000[0m - dagster - [34mDEBUG[0m - internal_ml_job - 17209dab-d6d1-44b5-8358-fa949323170c - internal_outlier_removed_features - Loading file from: storage/internal_normalized_data using PickledObjectFilesystemIOManager...
[32m2025-04-15 22:18:16 +0000[0m - dagster - [34mDEBUG[0m - internal_ml_job - 17209dab-d6d1-44b5-8358-fa949323170c - 893 - internal_outlier_removed_features - LOADED_INPUT - Loaded input "internal_normalized_data" using input manager "io_manager", from output "result" of step "internal_normalized_data"
[32m2025-04-15 22:18:16 +0000[0m - dagster - [34mDEBUG[0m - internal_ml_job - 17209dab-d6d1-44b5-8358-fa949323170c - 893 - internal_outlier_removed_features - STEP_INPUT - Got input "internal_normalized_data" of type "Dict[String,DataFrame]". (Type check passed).
[32m2025-04-15 22:18:17 +0000[0m - dagster - [34mINFO[0m - internal_ml_job - 17209dab-d6d1-44b5-8358-fa949323170c - internal_outlier_removed_features - Removing outliers for category: PERSONAL CARE
[32m2025-04-15 22:18:17 +0000[0m - dagster - [34mINFO[0m - internal_ml_job - 17209dab-d6d1-44b5-8358-fa949323170c - internal_outlier_removed_features - Removed 0 outliers from PERSONAL CARE
[32m2025-04-15 22:18:17 +0000[0m - dagster - [34mINFO[0m - internal_ml_job - 17209dab-d6d1-44b5-8358-fa949323170c - internal_outlier_removed_features - Removing outliers for category: BABY CARE
[32m2025-04-15 22:18:17 +0000[0m - dagster - [34mINFO[0m - internal_ml_job - 17209dab-d6d1-44b5-8358-fa949323170c - internal_outlier_removed_features - Removed 0 outliers from BABY CARE
[32m2025-04-15 22:18:17 +0000[0m - dagster - [34mINFO[0m - internal_ml_job - 17209dab-d6d1-44b5-8358-fa949323170c - internal_outlier_removed_features - Removing outliers for category: HOME CARE
[32m2025-04-15 22:18:17 +0000[0m - dagster - [34mINFO[0m - internal_ml_job - 17209dab-d6d1-44b5-8358-fa949323170c - internal_outlier_removed_features - Removed 0 outliers from HOME CARE
[32m2025-04-15 22:18:17 +0000[0m - dagster - [34mINFO[0m - internal_ml_job - 17209dab-d6d1-44b5-8358-fa949323170c - internal_outlier_removed_features - Removing outliers for category: ADULT CARE
[32m2025-04-15 22:18:18 +0000[0m - dagster - [34mINFO[0m - internal_ml_job - 17209dab-d6d1-44b5-8358-fa949323170c - internal_outlier_removed_features - Removed 0 outliers from ADULT CARE
[32m2025-04-15 22:18:18 +0000[0m - dagster - [34mINFO[0m - internal_ml_job - 17209dab-d6d1-44b5-8358-fa949323170c - internal_outlier_removed_features - Removing outliers for category: MEDICATION
[32m2025-04-15 22:18:18 +0000[0m - dagster - [34mINFO[0m - internal_ml_job - 17209dab-d6d1-44b5-8358-fa949323170c - internal_outlier_removed_features - Removed 0 outliers from MEDICATION
[32m2025-04-15 22:18:18 +0000[0m - dagster - [34mINFO[0m - internal_ml_job - 17209dab-d6d1-44b5-8358-fa949323170c - internal_outlier_removed_features - Removing outliers for category: NUTRITION
[32m2025-04-15 22:18:18 +0000[0m - dagster - [34mINFO[0m - internal_ml_job - 17209dab-d6d1-44b5-8358-fa949323170c - internal_outlier_removed_features - Removed 0 outliers from NUTRITION
[32m2025-04-15 22:18:18 +0000[0m - dagster - [34mINFO[0m - internal_ml_job - 17209dab-d6d1-44b5-8358-fa949323170c - internal_outlier_removed_features - Removing outliers for category: BEAUTY
[32m2025-04-15 22:18:18 +0000[0m - dagster - [34mINFO[0m - internal_ml_job - 17209dab-d6d1-44b5-8358-fa949323170c - internal_outlier_removed_features - Removed 0 outliers from BEAUTY
[32m2025-04-15 22:18:18 +0000[0m - dagster - [34mDEBUG[0m - internal_ml_job - 17209dab-d6d1-44b5-8358-fa949323170c - 893 - internal_outlier_removed_features - STEP_OUTPUT - Yielded output "result" of type "Dict[String,DataFrame]". (Type check passed).
[32m2025-04-15 22:18:18 +0000[0m - dagster - [34mDEBUG[0m - internal_ml_job - 17209dab-d6d1-44b5-8358-fa949323170c - internal_outlier_removed_features - Writing file at: storage/internal_outlier_removed_features using PickledObjectFilesystemIOManager...
[32m2025-04-15 22:18:18 +0000[0m - dagster - [34mDEBUG[0m - internal_ml_job - 17209dab-d6d1-44b5-8358-fa949323170c - 893 - internal_outlier_removed_features - ASSET_MATERIALIZATION - Materialized value internal_outlier_removed_features.
[32m2025-04-15 22:18:18 +0000[0m - dagster - [34mDEBUG[0m - internal_ml_job - 17209dab-d6d1-44b5-8358-fa949323170c - 893 - internal_outlier_removed_features - HANDLED_OUTPUT - Handled output "result" using IO manager "io_manager"
[32m2025-04-15 22:18:18 +0000[0m - dagster - [34mDEBUG[0m - internal_ml_job - 17209dab-d6d1-44b5-8358-fa949323170c - 893 - internal_outlier_removed_features - STEP_SUCCESS - Finished execution of step "internal_outlier_removed_features" in 1.97s.
