[32m2025-04-15 22:17:51 +0000[0m - dagster - [34mDEBUG[0m - internal_ml_job - 17209dab-d6d1-44b5-8358-fa949323170c - 98434 - LOGS_CAPTURED - Started capturing logs in process (pid: 98434).
[32m2025-04-15 22:17:51 +0000[0m - dagster - [34mDEBUG[0m - internal_ml_job - 17209dab-d6d1-44b5-8358-fa949323170c - 98434 - internal_filtered_features - STEP_START - Started execution of step "internal_filtered_features".
[32m2025-04-15 22:17:51 +0000[0m - dagster - [34mDEBUG[0m - internal_ml_job - 17209dab-d6d1-44b5-8358-fa949323170c - internal_filtered_features - Loading file from: storage/internal_fe_raw_data using PickledObjectFilesystemIOManager...
[32m2025-04-15 22:17:51 +0000[0m - dagster - [34mDEBUG[0m - internal_ml_job - 17209dab-d6d1-44b5-8358-fa949323170c - 98434 - internal_filtered_features - LOADED_INPUT - Loaded input "internal_fe_raw_data" using input manager "io_manager", from output "result" of step "internal_fe_raw_data"
[32m2025-04-15 22:17:52 +0000[0m - dagster - [34mDEBUG[0m - internal_ml_job - 17209dab-d6d1-44b5-8358-fa949323170c - 98434 - internal_filtered_features - STEP_INPUT - Got input "internal_fe_raw_data" of type "Dict[String,DataFrame]". (Type check passed).
[32m2025-04-15 22:17:52 +0000[0m - dagster - [34mINFO[0m - internal_ml_job - 17209dab-d6d1-44b5-8358-fa949323170c - internal_filtered_features - Features to ignore: ['STORE_NBR']
[32m2025-04-15 22:17:52 +0000[0m - dagster - [34mINFO[0m - internal_ml_job - 17209dab-d6d1-44b5-8358-fa949323170c - internal_filtered_features - Ignoring features via PyCaret setup for PERSONAL CARE: ['STORE_NBR']
[32m2025-04-15 22:17:52 +0000[0m - dagster - [34mINFO[0m - internal_ml_job - 17209dab-d6d1-44b5-8358-fa949323170c - internal_filtered_features - Removed features from PERSONAL CARE: ['STORE_NBR']
[32m2025-04-15 22:17:52 +0000[0m - dagster - [34mINFO[0m - internal_ml_job - 17209dab-d6d1-44b5-8358-fa949323170c - internal_filtered_features - Ignoring features via PyCaret setup for BABY CARE: ['STORE_NBR']
[32m2025-04-15 22:17:52 +0000[0m - dagster - [34mINFO[0m - internal_ml_job - 17209dab-d6d1-44b5-8358-fa949323170c - internal_filtered_features - Removed features from BABY CARE: ['STORE_NBR']
[32m2025-04-15 22:17:52 +0000[0m - dagster - [34mINFO[0m - internal_ml_job - 17209dab-d6d1-44b5-8358-fa949323170c - internal_filtered_features - Ignoring features via PyCaret setup for HOME CARE: ['STORE_NBR']
[32m2025-04-15 22:17:52 +0000[0m - dagster - [34mINFO[0m - internal_ml_job - 17209dab-d6d1-44b5-8358-fa949323170c - internal_filtered_features - Removed features from HOME CARE: ['STORE_NBR']
[32m2025-04-15 22:17:52 +0000[0m - dagster - [34mINFO[0m - internal_ml_job - 17209dab-d6d1-44b5-8358-fa949323170c - internal_filtered_features - Ignoring features via PyCaret setup for ADULT CARE: ['STORE_NBR']
[32m2025-04-15 22:17:52 +0000[0m - dagster - [34mINFO[0m - internal_ml_job - 17209dab-d6d1-44b5-8358-fa949323170c - internal_filtered_features - Removed features from ADULT CARE: ['STORE_NBR']
[32m2025-04-15 22:17:52 +0000[0m - dagster - [34mINFO[0m - internal_ml_job - 17209dab-d6d1-44b5-8358-fa949323170c - internal_filtered_features - Ignoring features via PyCaret setup for MEDICATION: ['STORE_NBR']
[32m2025-04-15 22:17:52 +0000[0m - dagster - [34mINFO[0m - internal_ml_job - 17209dab-d6d1-44b5-8358-fa949323170c - internal_filtered_features - Removed features from MEDICATION: ['STORE_NBR']
[32m2025-04-15 22:17:52 +0000[0m - dagster - [34mINFO[0m - internal_ml_job - 17209dab-d6d1-44b5-8358-fa949323170c - internal_filtered_features - Ignoring features via PyCaret setup for NUTRITION: ['STORE_NBR']
[32m2025-04-15 22:17:52 +0000[0m - dagster - [34mINFO[0m - internal_ml_job - 17209dab-d6d1-44b5-8358-fa949323170c - internal_filtered_features - Removed features from NUTRITION: ['STORE_NBR']
[32m2025-04-15 22:17:52 +0000[0m - dagster - [34mINFO[0m - internal_ml_job - 17209dab-d6d1-44b5-8358-fa949323170c - internal_filtered_features - Ignoring features via PyCaret setup for BEAUTY: ['STORE_NBR']
[32m2025-04-15 22:17:52 +0000[0m - dagster - [34mINFO[0m - internal_ml_job - 17209dab-d6d1-44b5-8358-fa949323170c - internal_filtered_features - Removed features from BEAUTY: ['STORE_NBR']
[32m2025-04-15 22:17:52 +0000[0m - dagster - [34mDEBUG[0m - internal_ml_job - 17209dab-d6d1-44b5-8358-fa949323170c - 98434 - internal_filtered_features - STEP_OUTPUT - Yielded output "result" of type "Dict[String,DataFrame]". (Type check passed).
[32m2025-04-15 22:17:52 +0000[0m - dagster - [34mDEBUG[0m - internal_ml_job - 17209dab-d6d1-44b5-8358-fa949323170c - internal_filtered_features - Writing file at: storage/internal_filtered_features using PickledObjectFilesystemIOManager...
[32m2025-04-15 22:17:52 +0000[0m - dagster - [34mDEBUG[0m - internal_ml_job - 17209dab-d6d1-44b5-8358-fa949323170c - 98434 - internal_filtered_features - ASSET_MATERIALIZATION - Materialized value internal_filtered_features.
[32m2025-04-15 22:17:52 +0000[0m - dagster - [34mDEBUG[0m - internal_ml_job - 17209dab-d6d1-44b5-8358-fa949323170c - 98434 - internal_filtered_features - HANDLED_OUTPUT - Handled output "result" using IO manager "io_manager"
[32m2025-04-15 22:17:52 +0000[0m - dagster - [34mDEBUG[0m - internal_ml_job - 17209dab-d6d1-44b5-8358-fa949323170c - 98434 - internal_filtered_features - STEP_SUCCESS - Finished execution of step "internal_filtered_features" in 990ms.
