[32m2025-04-15 22:18:37 +0000[0m - dagster - [34mDEBUG[0m - internal_ml_job - 17209dab-d6d1-44b5-8358-fa949323170c - 2173 - LOGS_CAPTURED - Started capturing logs in process (pid: 2173).
[32m2025-04-15 22:18:37 +0000[0m - dagster - [34mDEBUG[0m - internal_ml_job - 17209dab-d6d1-44b5-8358-fa949323170c - 2173 - internal_optimal_cluster_counts - STEP_START - Started execution of step "internal_optimal_cluster_counts".
[32m2025-04-15 22:18:37 +0000[0m - dagster - [34mDEBUG[0m - internal_ml_job - 17209dab-d6d1-44b5-8358-fa949323170c - internal_optimal_cluster_counts - Loading file from: storage/internal_dimensionality_reduced_features using PickledObjectFilesystemIOManager...
[32m2025-04-15 22:18:37 +0000[0m - dagster - [34mDEBUG[0m - internal_ml_job - 17209dab-d6d1-44b5-8358-fa949323170c - 2173 - internal_optimal_cluster_counts - LOADED_INPUT - Loaded input "internal_dimensionality_reduced_features" using input manager "io_manager", from output "result" of step "internal_dimensionality_reduced_features"
[32m2025-04-15 22:18:37 +0000[0m - dagster - [34mDEBUG[0m - internal_ml_job - 17209dab-d6d1-44b5-8358-fa949323170c - 2173 - internal_optimal_cluster_counts - STEP_INPUT - Got input "internal_dimensionality_reduced_features" of type "Dict[String,DataFrame]". (Type check passed).
[32m2025-04-15 22:18:37 +0000[0m - dagster - [34mINFO[0m - internal_ml_job - 17209dab-d6d1-44b5-8358-fa949323170c - internal_optimal_cluster_counts - Determining optimal clusters using range 2-10 with metrics: ['silhouette', 'calinski_harabasz', 'davies_bouldin']
[32m2025-04-15 22:18:37 +0000[0m - dagster - [34mINFO[0m - internal_ml_job - 17209dab-d6d1-44b5-8358-fa949323170c - internal_optimal_cluster_counts - Determining optimal cluster count for category: PERSONAL CARE
[32m2025-04-15 22:18:37 +0000[0m - dagster - [34mWARNING[0m - internal_ml_job - 17209dab-d6d1-44b5-8358-fa949323170c - internal_optimal_cluster_counts - Category 'PERSONAL CARE' has only 2 samples. Reducing max_clusters from 10 to 1.
[32m2025-04-15 22:18:37 +0000[0m - dagster - [34mWARNING[0m - internal_ml_job - 17209dab-d6d1-44b5-8358-fa949323170c - internal_optimal_cluster_counts - Category 'PERSONAL CARE' has too few samples (2) to evaluate clusters in range [2, 10]. Setting optimal clusters to 1.
[32m2025-04-15 22:18:37 +0000[0m - dagster - [34mINFO[0m - internal_ml_job - 17209dab-d6d1-44b5-8358-fa949323170c - internal_optimal_cluster_counts - Determining optimal cluster count for category: BABY CARE
[32m2025-04-15 22:18:37 +0000[0m - dagster - [34mWARNING[0m - internal_ml_job - 17209dab-d6d1-44b5-8358-fa949323170c - internal_optimal_cluster_counts - Category 'BABY CARE' has only 2 samples. Reducing max_clusters from 10 to 1.
[32m2025-04-15 22:18:37 +0000[0m - dagster - [34mWARNING[0m - internal_ml_job - 17209dab-d6d1-44b5-8358-fa949323170c - internal_optimal_cluster_counts - Category 'BABY CARE' has too few samples (2) to evaluate clusters in range [2, 10]. Setting optimal clusters to 1.
[32m2025-04-15 22:18:37 +0000[0m - dagster - [34mINFO[0m - internal_ml_job - 17209dab-d6d1-44b5-8358-fa949323170c - internal_optimal_cluster_counts - Determining optimal cluster count for category: HOME CARE
[32m2025-04-15 22:18:37 +0000[0m - dagster - [34mWARNING[0m - internal_ml_job - 17209dab-d6d1-44b5-8358-fa949323170c - internal_optimal_cluster_counts - Category 'HOME CARE' has only 2 samples. Reducing max_clusters from 10 to 1.
[32m2025-04-15 22:18:37 +0000[0m - dagster - [34mWARNING[0m - internal_ml_job - 17209dab-d6d1-44b5-8358-fa949323170c - internal_optimal_cluster_counts - Category 'HOME CARE' has too few samples (2) to evaluate clusters in range [2, 10]. Setting optimal clusters to 1.
[32m2025-04-15 22:18:37 +0000[0m - dagster - [34mINFO[0m - internal_ml_job - 17209dab-d6d1-44b5-8358-fa949323170c - internal_optimal_cluster_counts - Determining optimal cluster count for category: ADULT CARE
[32m2025-04-15 22:18:37 +0000[0m - dagster - [34mWARNING[0m - internal_ml_job - 17209dab-d6d1-44b5-8358-fa949323170c - internal_optimal_cluster_counts - Category 'ADULT CARE' has only 2 samples. Reducing max_clusters from 10 to 1.
[32m2025-04-15 22:18:37 +0000[0m - dagster - [34mWARNING[0m - internal_ml_job - 17209dab-d6d1-44b5-8358-fa949323170c - internal_optimal_cluster_counts - Category 'ADULT CARE' has too few samples (2) to evaluate clusters in range [2, 10]. Setting optimal clusters to 1.
[32m2025-04-15 22:18:37 +0000[0m - dagster - [34mINFO[0m - internal_ml_job - 17209dab-d6d1-44b5-8358-fa949323170c - internal_optimal_cluster_counts - Determining optimal cluster count for category: MEDICATION
[32m2025-04-15 22:18:37 +0000[0m - dagster - [34mWARNING[0m - internal_ml_job - 17209dab-d6d1-44b5-8358-fa949323170c - internal_optimal_cluster_counts - Category 'MEDICATION' has only 2 samples. Reducing max_clusters from 10 to 1.
[32m2025-04-15 22:18:37 +0000[0m - dagster - [34mWARNING[0m - internal_ml_job - 17209dab-d6d1-44b5-8358-fa949323170c - internal_optimal_cluster_counts - Category 'MEDICATION' has too few samples (2) to evaluate clusters in range [2, 10]. Setting optimal clusters to 1.
[32m2025-04-15 22:18:37 +0000[0m - dagster - [34mINFO[0m - internal_ml_job - 17209dab-d6d1-44b5-8358-fa949323170c - internal_optimal_cluster_counts - Determining optimal cluster count for category: NUTRITION
[32m2025-04-15 22:18:37 +0000[0m - dagster - [34mWARNING[0m - internal_ml_job - 17209dab-d6d1-44b5-8358-fa949323170c - internal_optimal_cluster_counts - Category 'NUTRITION' has only 2 samples. Reducing max_clusters from 10 to 1.
[32m2025-04-15 22:18:37 +0000[0m - dagster - [34mWARNING[0m - internal_ml_job - 17209dab-d6d1-44b5-8358-fa949323170c - internal_optimal_cluster_counts - Category 'NUTRITION' has too few samples (2) to evaluate clusters in range [2, 10]. Setting optimal clusters to 1.
[32m2025-04-15 22:18:37 +0000[0m - dagster - [34mINFO[0m - internal_ml_job - 17209dab-d6d1-44b5-8358-fa949323170c - internal_optimal_cluster_counts - Determining optimal cluster count for category: BEAUTY
[32m2025-04-15 22:18:37 +0000[0m - dagster - [34mWARNING[0m - internal_ml_job - 17209dab-d6d1-44b5-8358-fa949323170c - internal_optimal_cluster_counts - Category 'BEAUTY' has only 2 samples. Reducing max_clusters from 10 to 1.
[32m2025-04-15 22:18:37 +0000[0m - dagster - [34mWARNING[0m - internal_ml_job - 17209dab-d6d1-44b5-8358-fa949323170c - internal_optimal_cluster_counts - Category 'BEAUTY' has too few samples (2) to evaluate clusters in range [2, 10]. Setting optimal clusters to 1.
[32m2025-04-15 22:18:37 +0000[0m - dagster - [34mDEBUG[0m - internal_ml_job - 17209dab-d6d1-44b5-8358-fa949323170c - 2173 - internal_optimal_cluster_counts - STEP_OUTPUT - Yielded output "result" of type "Dict[String,Int]". (Type check passed).
[32m2025-04-15 22:18:37 +0000[0m - dagster - [34mDEBUG[0m - internal_ml_job - 17209dab-d6d1-44b5-8358-fa949323170c - internal_optimal_cluster_counts - Writing file at: storage/internal_optimal_cluster_counts using PickledObjectFilesystemIOManager...
[32m2025-04-15 22:18:38 +0000[0m - dagster - [34mDEBUG[0m - internal_ml_job - 17209dab-d6d1-44b5-8358-fa949323170c - 2173 - internal_optimal_cluster_counts - ASSET_MATERIALIZATION - Materialized value internal_optimal_cluster_counts.
[32m2025-04-15 22:18:38 +0000[0m - dagster - [34mDEBUG[0m - internal_ml_job - 17209dab-d6d1-44b5-8358-fa949323170c - 2173 - internal_optimal_cluster_counts - HANDLED_OUTPUT - Handled output "result" using IO manager "io_manager"
[32m2025-04-15 22:18:38 +0000[0m - dagster - [34mDEBUG[0m - internal_ml_job - 17209dab-d6d1-44b5-8358-fa949323170c - 2173 - internal_optimal_cluster_counts - STEP_SUCCESS - Finished execution of step "internal_optimal_cluster_counts" in 794ms.
