[32m2025-04-15 22:14:18 +0000[0m - dagster - [34mDEBUG[0m - internal_ml_job - 5336fe68-6c95-4469-b1d4-2b56bfa3e3a4 - 84877 - LOGS_CAPTURED - Started capturing logs in process (pid: 84877).
[32m2025-04-15 22:14:18 +0000[0m - dagster - [34mDEBUG[0m - internal_ml_job - 5336fe68-6c95-4469-b1d4-2b56bfa3e3a4 - 84877 - internal_feature_metadata - STEP_START - Started execution of step "internal_feature_metadata".
[32m2025-04-15 22:14:18 +0000[0m - dagster - [34mDEBUG[0m - internal_ml_job - 5336fe68-6c95-4469-b1d4-2b56bfa3e3a4 - internal_feature_metadata - Loading file from: storage/internal_dimensionality_reduced_features using PickledObjectFilesystemIOManager...
[32m2025-04-15 22:14:18 +0000[0m - dagster - [34mDEBUG[0m - internal_ml_job - 5336fe68-6c95-4469-b1d4-2b56bfa3e3a4 - 84877 - internal_feature_metadata - LOADED_INPUT - Loaded input "internal_dimensionality_reduced_features" using input manager "io_manager", from output "result" of step "internal_dimensionality_reduced_features"
[32m2025-04-15 22:14:18 +0000[0m - dagster - [34mDEBUG[0m - internal_ml_job - 5336fe68-6c95-4469-b1d4-2b56bfa3e3a4 - 84877 - internal_feature_metadata - STEP_INPUT - Got input "internal_dimensionality_reduced_features" of type "Dict[String,DataFrame]". (Type check passed).
[32m2025-04-15 22:14:18 +0000[0m - dagster - [34mINFO[0m - internal_ml_job - 5336fe68-6c95-4469-b1d4-2b56bfa3e3a4 - internal_feature_metadata - Generating feature metadata with detail level: full
[32m2025-04-15 22:14:18 +0000[0m - dagster - [34mINFO[0m - internal_ml_job - 5336fe68-6c95-4469-b1d4-2b56bfa3e3a4 - internal_feature_metadata - Creating metadata for category: PERSONAL CARE
[32m2025-04-15 22:14:18 +0000[0m - dagster - [34mINFO[0m - internal_ml_job - 5336fe68-6c95-4469-b1d4-2b56bfa3e3a4 - internal_feature_metadata - Adding detailed statistics for PERSONAL CARE
[32m2025-04-15 22:14:19 +0000[0m - dagster - [34mINFO[0m - internal_ml_job - 5336fe68-6c95-4469-b1d4-2b56bfa3e3a4 - internal_feature_metadata - Calculating correlation matrix for 1 numeric columns
Exception while writing logger call to event log: (sqlite3.OperationalError) locking protocol
(Background on this error at: https://sqlalche.me/e/14/e3q8)
[32m2025-04-15 22:14:29 +0000[0m - dagster - [34mINFO[0m - internal_ml_job - 5336fe68-6c95-4469-b1d4-2b56bfa3e3a4 - internal_feature_metadata - Completed metadata generation for PERSONAL CARE
[32m2025-04-15 22:14:29 +0000[0m - dagster - [34mINFO[0m - internal_ml_job - 5336fe68-6c95-4469-b1d4-2b56bfa3e3a4 - internal_feature_metadata - Creating metadata for category: BABY CARE
[32m2025-04-15 22:14:29 +0000[0m - dagster - [34mINFO[0m - internal_ml_job - 5336fe68-6c95-4469-b1d4-2b56bfa3e3a4 - internal_feature_metadata - Adding detailed statistics for BABY CARE
[32m2025-04-15 22:14:29 +0000[0m - dagster - [34mINFO[0m - internal_ml_job - 5336fe68-6c95-4469-b1d4-2b56bfa3e3a4 - internal_feature_metadata - Calculating correlation matrix for 1 numeric columns
[32m2025-04-15 22:14:29 +0000[0m - dagster - [34mINFO[0m - internal_ml_job - 5336fe68-6c95-4469-b1d4-2b56bfa3e3a4 - internal_feature_metadata - Completed metadata generation for BABY CARE
[32m2025-04-15 22:14:29 +0000[0m - dagster - [34mINFO[0m - internal_ml_job - 5336fe68-6c95-4469-b1d4-2b56bfa3e3a4 - internal_feature_metadata - Creating metadata for category: HOME CARE
[32m2025-04-15 22:14:29 +0000[0m - dagster - [34mINFO[0m - internal_ml_job - 5336fe68-6c95-4469-b1d4-2b56bfa3e3a4 - internal_feature_metadata - Adding detailed statistics for HOME CARE
[32m2025-04-15 22:14:29 +0000[0m - dagster - [34mINFO[0m - internal_ml_job - 5336fe68-6c95-4469-b1d4-2b56bfa3e3a4 - internal_feature_metadata - Calculating correlation matrix for 1 numeric columns
[32m2025-04-15 22:14:29 +0000[0m - dagster - [34mINFO[0m - internal_ml_job - 5336fe68-6c95-4469-b1d4-2b56bfa3e3a4 - internal_feature_metadata - Completed metadata generation for HOME CARE
[32m2025-04-15 22:14:29 +0000[0m - dagster - [34mINFO[0m - internal_ml_job - 5336fe68-6c95-4469-b1d4-2b56bfa3e3a4 - internal_feature_metadata - Creating metadata for category: ADULT CARE
[32m2025-04-15 22:14:29 +0000[0m - dagster - [34mINFO[0m - internal_ml_job - 5336fe68-6c95-4469-b1d4-2b56bfa3e3a4 - internal_feature_metadata - Adding detailed statistics for ADULT CARE
[32m2025-04-15 22:14:29 +0000[0m - dagster - [34mINFO[0m - internal_ml_job - 5336fe68-6c95-4469-b1d4-2b56bfa3e3a4 - internal_feature_metadata - Calculating correlation matrix for 1 numeric columns
[32m2025-04-15 22:14:29 +0000[0m - dagster - [34mINFO[0m - internal_ml_job - 5336fe68-6c95-4469-b1d4-2b56bfa3e3a4 - internal_feature_metadata - Completed metadata generation for ADULT CARE
[32m2025-04-15 22:14:29 +0000[0m - dagster - [34mINFO[0m - internal_ml_job - 5336fe68-6c95-4469-b1d4-2b56bfa3e3a4 - internal_feature_metadata - Creating metadata for category: MEDICATION
[32m2025-04-15 22:14:29 +0000[0m - dagster - [34mINFO[0m - internal_ml_job - 5336fe68-6c95-4469-b1d4-2b56bfa3e3a4 - internal_feature_metadata - Adding detailed statistics for MEDICATION
[32m2025-04-15 22:14:29 +0000[0m - dagster - [34mINFO[0m - internal_ml_job - 5336fe68-6c95-4469-b1d4-2b56bfa3e3a4 - internal_feature_metadata - Calculating correlation matrix for 1 numeric columns
[32m2025-04-15 22:14:29 +0000[0m - dagster - [34mINFO[0m - internal_ml_job - 5336fe68-6c95-4469-b1d4-2b56bfa3e3a4 - internal_feature_metadata - Completed metadata generation for MEDICATION
[32m2025-04-15 22:14:29 +0000[0m - dagster - [34mINFO[0m - internal_ml_job - 5336fe68-6c95-4469-b1d4-2b56bfa3e3a4 - internal_feature_metadata - Creating metadata for category: NUTRITION
[32m2025-04-15 22:14:29 +0000[0m - dagster - [34mINFO[0m - internal_ml_job - 5336fe68-6c95-4469-b1d4-2b56bfa3e3a4 - internal_feature_metadata - Adding detailed statistics for NUTRITION
[32m2025-04-15 22:14:29 +0000[0m - dagster - [34mINFO[0m - internal_ml_job - 5336fe68-6c95-4469-b1d4-2b56bfa3e3a4 - internal_feature_metadata - Calculating correlation matrix for 1 numeric columns
[32m2025-04-15 22:14:29 +0000[0m - dagster - [34mINFO[0m - internal_ml_job - 5336fe68-6c95-4469-b1d4-2b56bfa3e3a4 - internal_feature_metadata - Completed metadata generation for NUTRITION
[32m2025-04-15 22:14:29 +0000[0m - dagster - [34mINFO[0m - internal_ml_job - 5336fe68-6c95-4469-b1d4-2b56bfa3e3a4 - internal_feature_metadata - Creating metadata for category: BEAUTY
[32m2025-04-15 22:14:29 +0000[0m - dagster - [34mINFO[0m - internal_ml_job - 5336fe68-6c95-4469-b1d4-2b56bfa3e3a4 - internal_feature_metadata - Adding detailed statistics for BEAUTY
[32m2025-04-15 22:14:29 +0000[0m - dagster - [34mINFO[0m - internal_ml_job - 5336fe68-6c95-4469-b1d4-2b56bfa3e3a4 - internal_feature_metadata - Calculating correlation matrix for 1 numeric columns
[32m2025-04-15 22:14:29 +0000[0m - dagster - [34mINFO[0m - internal_ml_job - 5336fe68-6c95-4469-b1d4-2b56bfa3e3a4 - internal_feature_metadata - Completed metadata generation for BEAUTY
[32m2025-04-15 22:14:29 +0000[0m - dagster - [34mDEBUG[0m - internal_ml_job - 5336fe68-6c95-4469-b1d4-2b56bfa3e3a4 - 84877 - internal_feature_metadata - STEP_OUTPUT - Yielded output "result" of type "Dict[String,Dict[String,Any]]". (Type check passed).
[32m2025-04-15 22:14:29 +0000[0m - dagster - [34mDEBUG[0m - internal_ml_job - 5336fe68-6c95-4469-b1d4-2b56bfa3e3a4 - internal_feature_metadata - Writing file at: storage/internal_feature_metadata using PickledObjectFilesystemIOManager...
[32m2025-04-15 22:14:29 +0000[0m - dagster - [34mDEBUG[0m - internal_ml_job - 5336fe68-6c95-4469-b1d4-2b56bfa3e3a4 - 84877 - internal_feature_metadata - ASSET_MATERIALIZATION - Materialized value internal_feature_metadata.
[32m2025-04-15 22:14:29 +0000[0m - dagster - [34mDEBUG[0m - internal_ml_job - 5336fe68-6c95-4469-b1d4-2b56bfa3e3a4 - 84877 - internal_feature_metadata - HANDLED_OUTPUT - Handled output "result" using IO manager "io_manager"
[32m2025-04-15 22:14:29 +0000[0m - dagster - [34mDEBUG[0m - internal_ml_job - 5336fe68-6c95-4469-b1d4-2b56bfa3e3a4 - 84877 - internal_feature_metadata - STEP_SUCCESS - Finished execution of step "internal_feature_metadata" in 10.76s.
